#20180912.log
# POSIX time = time + baseTime
# baseTime = 0
time	H2O	delta18O	deltaD
1536583050	16790	-13.16	-118.62
1536583055	16698	-12.72	-118.72
1536583061	16660	-13.49	-118.46
1536583066	16667	-13.72	-118.37
1536583072	16643	-11.48	-116.09
1536583078	16669	-13.12	-119.30
1536583083	16693	-13.77	-116.90
1536583088	16692	-13.02	-118.57
1536583093	16723	-13.41	-117.65
1536583098	16720	-13.30	-118.00
1536583103	16723	-13.69	-118.01
1536583108	16719	-14.00	-117.74
1536583113	16702	-14.48	-118.21
1536583118	16707	-13.92	-118.14
1536583123	16721	-14.15	-118.06
1536583128	16722	-14.33	-117.38
1536583133	16701	-14.30	-117.55
1536583138	16636	-14.38	-117.82
1536583143	16587	-14.21	-117.80
1536583148	16562	-14.32	-116.28
1536583153	16518	-14.22	-117.09
1536583158	16514	-14.18	-116.76
1536583163	16494	-14.47	-118.22
1536583168	16513	-14.23	-118.47
1536583173	16488	-14.47	-118.20
1536583178	16429	-14.31	-117.02
1536583183	16384	-14.34	-118.18
1536583188	16297	-14.20	-118.32
1536583193	16217	-14.45	-117.90
1536583198	16119	-14.48	-118.13
1536583203	16074	-14.54	-118.75
1536583208	16054	-14.28	-118.19
1536583213	15998	-14.56	-119.22
1536583218	15969	-14.58	-117.86
1536583223	15996	-14.34	-118.99
1536583228	16051	-14.67	-117.39
1536583233	16110	-14.48	-118.20
1536583238	16110	-14.36	-117.79
1536583243	16105	-14.66	-118.61
1536583248	16108	-14.58	-118.18
1536583253	16115	-14.19	-117.83
1536583258	16141	-14.65	-117.52
1536583263	16174	-14.35	-117.80
1536583268	16175	-14.62	-117.72
1536583273	16152	-14.27	-118.30
1536583278	16136	-14.23	-116.99
1536583283	16184	-14.55	-118.38
1536583288	16229	-14.01	-117.32
1536583293	16276	-13.94	-116.85
1536583298	16302	-14.47	-117.07
1536583303	16311	-14.58	-117.50
1536583308	16315	-13.99	-117.11
1536583313	16370	-14.31	-118.66
1536583318	16413	-14.07	-116.45
1536583323	16447	-14.07	-118.26
1536583328	16453	-14.13	-117.40
1536583333	16428	-14.53	-116.43
1536583338	16347	-14.40	-117.27
1536583343	16262	-14.23	-118.28
1536583348	16244	-13.83	-118.04
1536583353	16233	-14.48	-116.76
1536583358	16250	-14.14	-118.73
1536583363	16247	-14.02	-117.69
1536583368	16169	-13.84	-117.87
1536583373	15998	-14.44	-118.37
1536583378	15945	-14.31	-117.89
1536583383	15970	-14.45	-118.23
1536583388	15961	-14.24	-116.99
1536583393	16009	-14.40	-118.21
1536583398	16004	-14.46	-117.68
1536583403	16027	-14.28	-117.35
1536583408	16019	-13.94	-119.11
1536583413	15986	-14.66	-116.92
1536583418	16001	-14.40	-117.21
1536583423	15983	-14.60	-118.96
1536583428	15992	-14.23	-118.01
1536583433	16002	-13.80	-117.36
1536583438	16054	-14.59	-117.44
1536583443	16138	-14.02	-116.97
1536583448	16185	-14.24	-116.73
1536583453	16205	-14.10	-117.80
1536583458	16249	-14.05	-116.76
1536583463	16273	-14.19	-116.55
1536583468	16302	-14.23	-117.31
1536583473	16328	-14.24	-117.43
1536583478	16353	-13.93	-117.20
1536583483	16377	-13.90	-116.09
1536583488	16386	-13.62	-117.99
1536583493	16380	-14.08	-118.27
1536583498	16359	-14.10	-117.05
1536583503	16337	-14.12	-118.03
1536583508	16348	-14.03	-117.71
1536583513	16325	-14.16	-117.55
1536583518	16301	-14.19	-117.22
1536583523	16332	-13.87	-117.28
1536583528	16359	-14.03	-117.64
1536583533	16389	-13.98	-117.86
1536583538	16389	-14.14	-117.05
1536583543	16341	-14.13	-118.17
1536583548	16258	-13.77	-117.84
1536583553	16183	-14.17	-117.46
1536583558	16108	-14.10	-116.96
1536583563	16067	-14.05	-118.61
1536583568	16081	-13.94	-118.52
1536583573	16091	-13.97	-116.96
1536583578	16046	-13.83	-118.46
1536583583	15985	-13.97	-116.45
1536583588	15990	-14.01	-119.16
1536583593	16057	-14.10	-118.02
1536583598	16029	-14.12	-118.09
1536583603	15961	-14.07	-118.32
1536583608	15908	-14.66	-117.83
1536583613	15935	-14.29	-117.97
1536583618	15939	-14.05	-119.07
1536583623	15930	-13.97	-118.91
1536583628	15939	-14.26	-118.36
1536583633	15987	-13.89	-118.12
1536583638	16071	-14.17	-118.25
1536583643	16262	-13.82	-118.26
1536583648	16347	-13.78	-117.41
1536583653	16342	-14.08	-117.39
1536583658	16338	-13.94	-116.84
1536583663	16349	-14.14	-118.58
1536583668	16359	-14.00	-117.14
1536583673	16348	-13.84	-118.07
1536583678	16335	-13.99	-117.85
1536583683	16320	-13.42	-116.93
1536583688	16318	-14.14	-117.52
1536583693	16301	-13.86	-117.99
1536583698	16298	-13.74	-117.36
1536583703	16324	-13.81	-118.05
1536583708	16338	-13.79	-118.14
1536583713	16331	-13.80	-117.23
1536583718	16322	-13.60	-117.08
1536583723	16328	-13.69	-117.33
1536583728	16383	-13.85	-116.59
1536583733	16419	-13.72	-117.55
1536583738	16505	-13.54	-117.00
1536583743	16594	-13.71	-116.49
1536583748	16695	-13.76	-116.64
1536583753	16715	-13.72	-115.99
1536583758	16700	-13.33	-117.33
1536583763	16711	-13.36	-116.66
1536583768	16732	-13.44	-117.46
1536583773	16765	-13.48	-117.62
1536583778	16768	-13.34	-116.90
1536583783	16754	-13.84	-116.56
1536583788	16710	-13.96	-116.59
1536583793	16657	-13.92	-117.01
1536583798	16596	-13.44	-118.36
1536583803	16596	-13.78	-116.80
1536583808	16639	-13.82	-116.74
1536583813	16631	-13.44	-117.23
1536583818	16592	-13.94	-117.53
1536583823	16526	-14.01	-117.48
1536583828	16489	-14.00	-117.40
1536583833	16412	-13.77	-117.98
1536583838	16340	-13.99	-117.83
1536583843	16176	-13.76	-117.53
1536583848	16043	-13.96	-118.13
1536583853	15968	-13.84	-118.00
1536583858	15902	-13.83	-118.08
1536583863	15865	-14.13	-118.76
1536583868	15812	-13.80	-118.28
1536583873	15760	-13.83	-118.62
1536583878	15743	-13.55	-118.58
1536583883	15759	-14.37	-118.45
1536583888	15818	-14.05	-117.83
1536583893	15892	-13.84	-118.23
1536583898	16013	-13.91	-118.40
1536583903	16132	-14.02	-117.82
1536583908	16211	-13.79	-118.16
1536583913	16254	-13.80	-118.33
1536583918	16294	-13.61	-117.30
1536583923	16328	-13.80	-117.55
1536583928	16342	-13.63	-118.07
1536583933	16383	-13.78	-117.87
1536583938	16430	-13.65	-117.32
1536583943	16474	-13.89	-117.52
1536583948	16532	-13.56	-118.26
1536583953	16588	-13.61	-116.97
1536583958	16622	-13.71	-118.24
1536583963	16661	-13.61	-118.68
1536583968	16716	-13.51	-117.44
1536583973	16733	-13.41	-117.37
1536583978	16758	-13.44	-116.94
1536583983	16822	-13.68	-117.65
1536583988	16804	-13.71	-117.78
1536583993	16749	-13.35	-116.72
1536583998	16719	-14.02	-117.96
1536584003	16711	-13.67	-117.58
1536584008	16676	-13.77	-116.74
1536584013	16649	-13.70	-117.83
1536584018	16635	-13.75	-115.95
1536584023	16606	-13.89	-117.69
1536584028	16592	-13.66	-116.99
1536584033	16593	-13.55	-116.80
1536584038	16578	-13.47	-116.89
1536584043	16574	-13.55	-116.97
1536584048	16560	-13.66	-115.89
1536584053	16537	-13.86	-117.88
1536584058	16536	-13.79	-117.28
1536584063	16521	-13.54	-117.53
1536584068	16497	-13.36	-117.68
1536584073	16466	-13.78	-117.65
1536584078	16413	-14.15	-117.11
1536584083	16231	-13.79	-116.95
1536584088	16031	-13.89	-117.73
1536584093	15998	-14.37	-118.17
1536584098	16018	-13.99	-118.10
1536584103	15926	-14.06	-118.30
1536584108	15811	-14.03	-118.16
1536584113	15727	-13.72	-119.10
1536584118	15707	-14.23	-118.76
1536584123	15725	-14.11	-118.58
1536584128	15790	-13.53	-118.10
1536584133	15879	-13.96	-117.93
1536584138	15953	-13.91	-116.96
1536584143	16040	-13.73	-118.75
1536584148	16071	-13.69	-117.92
1536584153	16071	-13.90	-117.29
1536584158	16066	-13.99	-118.14
1536584163	16055	-13.58	-118.16
1536584168	16058	-13.90	-118.55
1536584173	16075	-13.57	-117.53
1536584178	16124	-14.11	-116.98
1536584183	16060	-13.83	-118.43
1536584188	15950	-13.94	-117.48
1536584193	15887	-13.80	-118.76
1536584198	15870	-13.96	-118.58
1536584203	15891	-14.03	-118.01
1536584208	15945	-14.02	-118.60
1536584213	16026	-14.23	-119.33
1536584218	16091	-13.97	-118.44
1536584223	16080	-13.76	-117.39
1536584228	16012	-13.84	-117.00
1536584233	15972	-13.76	-118.41
1536584238	15984	-13.66	-117.93
1536584243	16024	-13.85	-117.34
1536584248	16076	-13.89	-116.08
1536584253	16189	-13.61	-117.26
1536584258	16312	-13.79	-116.08
1536584263	16380	-13.55	-116.99
1536584268	16395	-13.36	-117.18
1536584273	16394	-13.64	-117.62
1536584278	16380	-13.76	-116.53
1536584283	16364	-13.86	-116.02
1536584288	16358	-13.63	-116.00
1536584293	16345	-13.70	-116.85
1536584298	16364	-13.84	-116.56
1536584303	16377	-13.40	-117.21
1536584308	16368	-13.53	-117.18
1536584313	16339	-13.75	-118.33
1536584318	16281	-13.69	-117.04
1536584323	16206	-13.55	-116.94
1536584328	16191	-13.72	-116.96
1536584333	16223	-13.68	-116.17
1536584338	16306	-13.83	-116.52
1536584343	16324	-13.54	-116.81
1536584348	16353	-13.57	-118.40
1536584353	16370	-13.98	-116.94
1536584358	16404	-14.05	-117.97
1536584363	16421	-13.58	-116.85
1536584368	16456	-14.06	-117.08
1536584373	16511	-13.59	-118.44
1536584378	16696	-13.57	-117.45
1536584383	16785	-13.85	-116.93
1536584388	16810	-13.44	-117.09
1536584393	16785	-13.64	-117.72
1536584398	16750	-13.83	-117.69
1536584403	16737	-14.17	-117.28
1536584408	16680	-13.59	-116.46
1536584413	16633	-13.57	-117.13
1536584418	16594	-13.79	-117.17
1536584423	16565	-13.75	-116.53
1536584428	16555	-13.76	-116.58
1536584433	16540	-13.23	-117.48
1536584438	16532	-13.93	-115.70
1536584443	16524	-13.73	-116.73
1536584448	16599	-13.73	-117.55
1536584453	17076	-13.94	-117.13
1536584458	18268	-13.80	-117.97
1536584463	20588	-14.08	-118.70
1536584468	22705	-14.76	-119.87
1536584473	24039	-15.10	-120.48
1536584478	24666	-14.84	-119.11
1536584483	24811	-15.77	-119.44
1536584488	24615	-15.69	-120.04
1536584493	24299	-15.82	-120.40
1536584498	23839	-16.48	-122.10
1536584503	23322	-16.65	-123.14
1536584508	22839	-16.74	-125.73
1536584513	22387	-16.89	-127.62
1536584518	21972	-17.29	-129.41
1536584523	21575	-17.46	-131.47
1536584528	21282	-17.65	-133.49
1536584533	20979	-18.10	-135.49
1536584538	20740	-18.40	-137.19
1536584543	20520	-18.35	-138.69
1536584548	20346	-18.63	-139.13
1536584553	20194	-18.91	-140.33
1536584558	20041	-19.02	-142.33
1536584563	19929	-18.77	-142.42
1536584568	19806	-18.79	-142.60
1536584573	19704	-19.26	-144.31
1536584578	19616	-19.19	-144.98
1536584583	19532	-19.51	-145.58
1536584588	19438	-19.48	-145.14
1536584593	19406	-19.53	-145.93
1536584598	19347	-19.45	-147.52
1536584603	19308	-19.69	-147.52
1536584608	19344	-19.66	-147.52
1536584613	19223	-19.71	-146.66
1536584618	19089	-19.74	-146.92
1536584623	19064	-19.79	-148.01
1536584628	19069	-19.50	-148.17
1536584633	19076	-19.87	-149.37
1536584638	19038	-19.90	-148.96
1536584643	18991	-19.72	-149.02
1536584648	18960	-20.01	-149.69
1536584653	18918	-19.97	-150.22
1536584658	18892	-19.95	-149.80
1536584663	18908	-19.98	-150.52
1536584668	18877	-20.06	-150.62
1536584673	18913	-20.08	-150.05
1536584678	18893	-20.00	-150.15
1536584683	18782	-20.20	-148.78
1536584688	18714	-20.09	-151.13
1536584693	18747	-20.41	-150.10
1536584698	18763	-19.94	-151.37
1536584703	18761	-19.58	-150.30
1536584708	18745	-20.25	-150.39
1536584713	18704	-19.80	-151.60
1536584718	18677	-19.72	-150.92
1536584723	18669	-20.47	-152.18
1536584728	18659	-20.32	-151.70
1536584733	18635	-19.85	-151.85
1536584738	18624	-20.13	-151.87
1536584743	18618	-20.03	-152.32
1536584748	18607	-20.23	-152.10
1536584753	18598	-20.23	-152.02
1536584758	18591	-20.24	-152.32
1536584763	18577	-20.33	-153.11
1536584768	18567	-20.07	-152.89
1536584773	18561	-20.38	-152.80
1536584778	18548	-20.50	-152.96
1536584783	18544	-20.03	-151.71
1536584788	18529	-20.15	-152.24
1536584793	18522	-20.47	-153.94
1536584798	18517	-20.28	-153.39
1536584803	18508	-20.21	-152.95
1536584808	18496	-20.10	-153.96
1536584813	18497	-20.21	-152.91
1536584818	18496	-20.65	-152.90
1536584823	18470	-19.88	-154.03
1536584828	18473	-20.33	-152.90
1536584833	18461	-20.20	-153.09
1536584838	18452	-20.13	-152.47
1536584843	18445	-20.18	-154.14
1536584848	18443	-20.19	-154.21
1536584853	18432	-20.05	-152.75
1536584858	18438	-20.16	-153.77
1536584863	18436	-20.20	-153.20
1536584868	18430	-20.30	-153.44
1536584873	18427	-20.58	-153.84
1536584878	18425	-20.52	-153.87
1536584883	18408	-19.95	-153.65
1536584888	18415	-20.15	-153.89
1536584893	18405	-20.22	-152.66
1536584898	18399	-20.26	-153.06
1536584903	18391	-20.08	-154.03
1536584908	18382	-19.70	-152.86
1536584913	18383	-20.30	-153.13
1536584918	18376	-19.92	-152.27
1536584923	18377	-20.40	-154.07
1536584928	18371	-20.06	-153.87
1536584933	18369	-20.20	-153.41
1536584938	18360	-19.92	-153.81
1536584943	18362	-20.21	-153.46
1536584948	18358	-19.92	-154.60
1536584953	18354	-20.11	-154.29
1536584958	18350	-20.37	-154.37
1536584963	18346	-20.25	-154.18
1536584968	18347	-19.93	-154.07
1536584973	18346	-19.96	-154.14
1536584978	18332	-20.18	-153.36
1536584983	18331	-20.19	-153.74
1536584988	18334	-20.30	-154.09
1536584993	18324	-20.17	-154.11
1536584998	18326	-20.12	-153.70
1536585003	18324	-20.18	-154.50
1536585008	18321	-20.26	-152.88
1536585013	18314	-20.12	-153.16
1536585018	18312	-20.43	-154.76
1536585023	18301	-19.95	-153.43
1536585028	18304	-20.24	-154.46
1536585033	18306	-20.26	-152.52
1536585038	18288	-20.03	-153.77
1536585043	18299	-20.41	-154.08
1536585048	18285	-20.19	-153.53
1536585053	18287	-20.04	-153.34
1536585058	18284	-20.01	-153.86
1536585063	18287	-19.99	-153.58
1536585068	18289	-20.12	-154.81
1536585073	18287	-20.26	-153.60
1536585078	18280	-20.29	-153.30
1536585083	18273	-19.94	-154.51
1536585088	18265	-20.20	-153.81
1536585093	18273	-20.33	-153.54
1536585098	18270	-20.38	-153.51
1536585103	18252	-19.90	-155.52
1536585108	18264	-20.15	-153.84
1536585113	18259	-20.29	-154.38
1536585118	18259	-20.48	-154.71
1536585123	18248	-19.95	-154.56
1536585128	18246	-20.09	-154.16
1536585133	18249	-20.08	-154.13
1536585138	18255	-19.95	-154.41
1536585143	18244	-20.41	-155.39
1536585148	18239	-20.23	-154.24
1536585153	18238	-20.09	-154.58
1536585158	18245	-20.73	-154.12
1536585163	18236	-19.86	-153.66
1536585168	18242	-20.33	-153.33
1536585173	18230	-20.06	-154.71
1536585178	18236	-20.14	-153.80
1536585183	18236	-20.24	-154.01
1536585188	18228	-20.06	-153.41
1536585193	18231	-19.96	-154.16
1536585198	18227	-20.42	-155.03
1536585203	18224	-19.97	-154.08
1536585208	18225	-20.13	-153.11
1536585213	18225	-20.24	-154.15
1536585218	18197	-20.41	-155.73
1536585223	18258	-19.98	-153.72
1536585228	18255	-20.37	-154.14
1536585233	18294	-19.95	-153.50
1536585238	18316	-19.60	-153.83
1536585243	18230	-19.77	-152.90
1536585248	18181	-20.18	-152.86
1536585253	18182	-19.68	-152.86
1536585258	18216	-19.91	-153.61
1536585263	18230	-19.78	-153.78
1536585268	18223	-19.91	-153.96
1536585273	18218	-20.03	-153.73
1536585278	18214	-20.07	-154.66
1536585283	18204	-20.13	-153.55
1536585288	18199	-19.80	-153.40
1536585293	18186	-20.29	-154.18
1536585298	18187	-19.96	-153.90
1536585303	18177	-20.21	-152.83
1536585308	18184	-19.69	-153.86
1536585313	18184	-20.08	-154.37
1536585318	18190	-20.15	-154.48
1536585323	18189	-20.11	-154.11
1536585328	18184	-20.12	-154.47
1536585333	18186	-19.88	-154.54
1536585338	18179	-19.90	-153.57
1536585343	18181	-20.28	-153.49
1536585348	18180	-20.23	-154.59
1536585353	18188	-20.57	-153.64
1536585358	18185	-20.13	-153.36
1536585363	18181	-20.25	-154.05
1536585368	18183	-19.95	-154.01
1536585373	18176	-19.99	-154.20
1536585378	18181	-20.15	-154.72
1536585383	18184	-20.07	-154.75
1536585388	18185	-20.22	-155.48
1536585393	18179	-19.73	-153.33
1536585398	18181	-20.32	-155.38
1536585403	18182	-20.13	-154.56
1536585408	18191	-20.36	-153.70
1536585413	18184	-20.12	-154.79
1536585418	18182	-19.87	-153.73
1536585423	18188	-20.07	-154.16
1536585428	18180	-19.98	-154.90
1536585433	18182	-20.30	-153.58
1536585438	18175	-19.86	-153.37
1536585443	18177	-19.79	-154.48
1536585448	18180	-19.88	-153.83
1536585453	18176	-19.97	-153.06
1536585458	18184	-20.11	-152.46
1536585463	18187	-20.02	-154.25
1536585468	18181	-20.11	-154.51
1536585473	18191	-20.11	-153.97
1536585478	18186	-20.13	-153.12
1536585483	18196	-20.17	-154.50
1536585488	18194	-20.23	-153.69
1536585493	18187	-19.93	-153.68
1536585498	18181	-20.43	-154.82
1536585503	18179	-20.17	-154.53
1536585508	18179	-20.25	-154.10
1536585513	18188	-20.39	-154.46
1536585518	18181	-20.19	-153.71
1536585523	18175	-19.78	-153.78
1536585528	18184	-20.25	-154.50
1536585533	18190	-19.91	-153.43
1536585538	18181	-19.96	-154.93
1536585543	18175	-19.52	-153.65
1536585548	18185	-19.74	-153.62
1536585553	18195	-19.72	-153.48
1536585558	18184	-19.86	-154.53
1536585563	18190	-20.09	-153.64
1536585568	18186	-19.90	-154.87
1536585573	18193	-20.16	-154.69
1536585578	18187	-20.01	-154.13
1536585583	18192	-19.70	-153.57
1536585588	18183	-19.89	-154.29
1536585593	18190	-20.11	-154.75
1536585598	18186	-19.98	-153.42
1536585603	18187	-19.89	-154.05
1536585608	18183	-19.91	-154.22
1536585613	18193	-20.08	-152.80
1536585618	18190	-20.07	-153.13
1536585623	18189	-19.77	-153.29
1536585628	18186	-19.89	-153.71
1536585633	18193	-19.92	-153.58
1536585638	18188	-20.15	-153.67
1536585643	18194	-19.86	-154.53
1536585648	18198	-19.87	-154.26
1536585653	18188	-19.60	-153.54
1536585658	18199	-19.72	-153.09
1536585663	18197	-19.62	-154.35
1536585668	18190	-19.60	-152.59
1536585673	18193	-19.72	-153.24
1536585678	18202	-20.26	-153.48
1536585683	18197	-19.93	-153.85
1536585688	18198	-19.58	-153.78
1536585693	18197	-19.88	-153.12
1536585698	18197	-19.72	-153.45
1536585703	18196	-19.58	-152.77
1536585708	18204	-19.95	-153.60
1536585713	18191	-19.79	-154.51
1536585718	18190	-19.32	-153.43
1536585723	18203	-19.90	-153.61
1536585728	18201	-19.64	-153.60
1536585733	18202	-19.61	-152.87
1536585738	18203	-19.89	-152.19
1536585743	18204	-19.81	-154.45
1536585748	18195	-19.73	-153.69
1536585753	18205	-19.89	-154.35
1536585758	18202	-19.86	-153.64
1536585763	18206	-19.51	-152.44
1536585768	18202	-19.51	-153.77
1536585773	18200	-20.08	-153.55
1536585778	18210	-19.89	-153.70
1536585783	18202	-20.03	-154.65
1536585788	18207	-19.81	-154.54
1536585793	18202	-19.80	-153.92
1536585798	18208	-20.02	-154.07
1536585803	18204	-19.42	-153.63
1536585808	18211	-20.11	-154.22
1536585813	18210	-19.77	-154.11
1536585818	18206	-19.64	-154.12
1536585823	18214	-19.85	-154.45
1536585828	18220	-19.76	-153.29
1536585833	18223	-19.81	-154.22
1536585838	18229	-19.89	-153.94
1536585843	18231	-19.58	-154.03
1536585848	18235	-19.78	-153.77
1536585853	18241	-20.10	-154.39
1536585858	18243	-19.64	-153.02
1536585863	18256	-19.97	-154.12
1536585868	18264	-19.83	-153.74
1536585873	18269	-19.55	-152.51
1536585878	18294	-19.86	-153.58
1536585883	18308	-19.90	-154.42
1536585888	18339	-19.69	-153.07
1536585893	18375	-19.60	-152.58
1536585898	18488	-19.49	-153.78
1536585903	19347	-19.57	-154.38
1536585908	21423	-18.96	-155.99
1536585913	24027	-17.28	-153.11
1536585918	26326	-15.56	-142.85
1536585923	28121	-14.00	-132.12
1536585928	29402	-13.17	-124.84
1536585933	30277	-12.31	-120.02
1536585938	30882	-11.85	-114.80
1536585943	31298	-11.68	-113.26
1536585948	31532	-11.68	-111.49
1536585953	31746	-11.64	-109.38
1536585958	31874	-11.49	-108.39
1536585963	31973	-11.28	-108.04
1536585968	31993	-11.07	-106.97
1536585973	32045	-11.42	-105.67
1536585978	32052	-11.41	-105.67
1536585983	32042	-11.26	-104.90
1536585988	32046	-11.02	-104.86
1536585993	32026	-11.65	-104.68
1536585998	32003	-11.34	-104.69
1536586003	32004	-11.59	-104.76
1536586008	31991	-11.37	-104.61
1536586013	31968	-11.42	-103.87
1536586018	31947	-11.42	-104.27
1536586023	31946	-11.69	-103.99
1536586028	31904	-11.27	-104.84
1536586033	31900	-11.26	-104.19
1536586038	31900	-11.44	-104.26
1536586043	31889	-11.30	-104.51
1536586048	31886	-11.66	-103.84
1536586053	31871	-11.43	-103.97
1536586058	31855	-11.40	-104.81
1536586063	31851	-11.59	-103.92
1536586068	31835	-11.59	-104.66
1536586073	31829	-11.39	-103.83
1536586078	31813	-11.47	-104.40
1536586083	31817	-11.50	-104.50
1536586088	31799	-11.37	-104.64
1536586093	31807	-11.23	-103.87
1536586098	31824	-11.80	-104.82
1536586103	31842	-11.67	-103.92
1536586108	31852	-11.65	-102.91
1536586113	31567	-11.82	-102.48
1536586118	30262	-12.12	-98.92
1536586123	28283	-12.89	-96.40
1536586128	25870	-13.87	-96.63
1536586133	24005	-14.18	-96.13
1536586138	22722	-14.85	-97.32
1536586143	21854	-15.00	-97.88
1536586148	21248	-15.33	-99.68
1536586153	20856	-15.66	-99.80
1536586158	20745	-15.58	-101.10
1536586163	21715	-15.44	-102.13
1536586168	22732	-14.89	-102.85
1536586173	22123	-14.41	-101.00
1536586178	21249	-14.97	-100.41
1536586183	20622	-15.17	-100.02
1536586188	20235	-15.55	-100.56
1536586193	20025	-15.37	-100.44
1536586198	19877	-15.97	-100.21
1536586203	19765	-15.57	-98.87
1536586208	19666	-15.43	-100.17
1536586213	19561	-15.39	-98.89
1536586218	19492	-15.28	-99.09
1536586223	19422	-15.50	-99.57
1536586228	19365	-15.14	-99.30
1536586233	19313	-14.96	-98.60
1536586238	19280	-15.14	-98.53
1536586243	19242	-14.98	-99.02
1536586248	19211	-15.00	-99.72
1536586253	19172	-14.64	-98.22
1536586258	19137	-14.88	-98.12
1536586263	19113	-14.39	-97.67
1536586268	19090	-14.25	-97.93
1536586273	19073	-14.58	-97.45
1536586278	19044	-14.37	-97.48
1536586283	19028	-14.26	-97.03
1536586288	19012	-14.38	-96.78
1536586293	18989	-14.24	-97.29
1536586298	18980	-14.11	-96.01
1536586303	18967	-14.02	-95.53
1536586308	18949	-13.63	-95.84
1536586313	18937	-13.56	-95.03
1536586318	18913	-13.72	-95.10
1536586323	18899	-13.68	-95.47
1536586328	18867	-13.57	-94.73
1536586333	18848	-13.73	-94.96
1536586338	18813	-13.53	-94.04
1536586343	18800	-13.61	-93.48
1536586348	18769	-13.24	-93.71
1536586353	18757	-13.44	-93.30
1536586358	18739	-12.69	-92.45
1536586363	18717	-12.88	-91.56
1536586368	18711	-13.08	-91.83
1536586373	18692	-12.88	-93.03
1536586378	18663	-12.75	-91.72
1536586383	18658	-12.60	-91.48
1536586388	18662	-12.64	-91.26
1536586393	18639	-12.15	-90.91
1536586398	18647	-12.62	-91.80
1536586403	18643	-12.50	-89.91
1536586408	18633	-12.23	-90.80
1536586413	18624	-12.07	-89.46
1536586418	18611	-11.75	-90.00
1536586423	18609	-11.70	-89.11
1536586428	18604	-11.80	-88.84
1536586433	18588	-11.69	-88.24
1536586438	18582	-11.44	-89.29
1536586443	18573	-11.44	-88.84
1536586448	18564	-11.37	-88.14
1536586453	18549	-11.45	-88.46
1536586458	18534	-11.02	-87.50
1536586463	18529	-10.93	-87.26
1536586468	18507	-10.83	-86.89
1536586473	18492	-10.90	-86.01
1536586478	18476	-10.69	-85.89
1536586483	18459	-10.87	-86.51
1536586488	18430	-10.59	-85.20
1536586493	18421	-10.51	-84.97
1536586498	18404	-10.38	-85.41
1536586503	18375	-10.14	-84.27
1536586508	18348	-9.97	-84.52
1536586513	18339	-10.27	-83.31
1536586518	18310	-10.17	-84.42
1536586523	18282	-9.95	-84.00
1536586528	18257	-9.79	-82.89
1536586533	18224	-9.67	-83.74
1536586538	18178	-9.64	-83.47
1536586543	18149	-9.60	-83.40
1536586548	18115	-9.46	-83.95
1536586553	18063	-9.50	-82.04
1536586558	18011	-9.40	-82.45
1536586563	17938	-9.53	-82.46
1536586568	17856	-9.42	-83.06
1536586573	17762	-9.32	-83.27
1536586578	17678	-10.07	-82.46
1536586583	17589	-9.62	-82.83
1536586588	17489	-10.05	-83.53
1536586593	17381	-10.15	-84.68
1536586598	17279	-10.35	-85.12
1536586603	17139	-10.53	-85.66
1536586608	17018	-10.44	-87.27
1536586613	16888	-11.04	-86.17
1536586618	16784	-10.90	-89.01
1536586623	18358	-12.16	-95.43
1536586628	22157	-13.10	-109.34
1536586633	24322	-14.14	-117.91
1536586638	24400	-14.96	-122.09
1536586643	23278	-15.82	-125.69
1536586648	22042	-16.32	-128.91
1536586653	21220	-17.07	-132.15
