#[%Y%m%d%H%M%S UTC]	[active valve]	[state]	[0 = startup | 1 = manual | 2 = timeout | 3 = optimal | 4 = alert]
timestamp	ID	measurement	switchCode
20210327230456	f	0	0
20210327230508	A	0	1
20210327230741	A	1	1
20210327231742	A2	0	2
20210327232242	A2	1	2
20210327233243	B	0	2
20210327233743	B	1	2
20210327234530	C	0	2
20210327235032	C	1	2
20210327235102	D	0	2
20210327235602	D	1	2
20210327235858	E	0	2
20210328000359	E	1	2
20210328000813	F	0	2
20210328001314	F	1	2
20210328002315	G	0	2
20210328002816	G	1	2
20210328003816	H	0	2
20210328004317	H	1	2
20210328004732	G	0	2
20210328005232	G	1	2
20210328010233	F	0	2
20210328010734	F	1	2
20210328011734	E	0	2
20210328012235	E	1	2
20210328012737	D	0	2
20210328013238	D	1	2
20210328013917	C	0	2
20210328014417	C	1	2
20210328014848	B	0	2
20210328015349	B	1	2
20210328015705	A	0	2
20210328020206	A	1	2
20210328020236	A2	0	2
20210328020737	A2	1	2
20210328020808	B	0	2
20210328021308	B	1	2
20210328021426	C	0	2
20210328021927	C	1	2
20210328021958	D	0	2
20210328022459	D	1	2
20210328022530	E	0	2
20210328023031	E	1	2
20210328023442	F	0	2
20210328023943	F	1	2
20210328024014	G	0	2
20210328024515	G	1	2
20210328025423	H	0	2
20210328025924	H	1	2
20210328030707	G	0	2
20210328031208	G	1	2
20210328031240	F	0	2
20210328031740	F	1	2
20210328031811	E	0	2
20210328032312	E	1	2
20210328032404	D	0	2
20210328032905	D	1	2
20210328032936	C	0	2
20210328033437	C	1	2
20210328033801	B	0	2
20210328034301	B	1	2
20210328034725	A	0	2
20210328035225	A	1	2
20210328035257	A2	0	2
20210328035758	A2	1	2
20210328035852	B	0	2
20210328040353	B	1	2
20210328040424	C	0	2
20210328040924	C	1	2
20210328041321	D	0	2
20210328041822	D	1	2
20210328042327	E	0	2
20210328042827	E	1	2
20210328043214	F	0	2
20210328043714	F	1	2
20210328044040	G	0	2
20210328044541	G	1	2
20210328045031	H	0	2
20210328045531	H	1	2
20210328045603	G	0	2
20210328050103	G	1	2
20210328051103	F	0	2
20210328051604	F	1	2
20210328052003	E	0	2
20210328052504	E	1	2
20210328052955	D	0	2
20210328053455	D	1	2
20210328053800	C	0	2
20210328054301	C	1	2
20210328054332	B	0	2
20210328054833	B	1	2
20210328055213	A	0	2
20210328055713	A	1	2
20210328060006	A2	0	2
20210328060506	A2	1	2
20210328061344	B	0	2
20210328061845	B	1	2
20210328062231	C	0	2
20210328062732	C	1	2
20210328062949	D	0	2
20210328063450	D	1	2
20210328064011	E	0	2
20210328064512	E	1	2
20210328064736	F	0	2
20210328065236	F	1	2
20210328065633	G	0	2
20210328070133	G	1	2
20210328070528	H	0	2
20210328071029	H	1	2
20210328071655	G	0	2
20210328072156	G	1	2
20210328072233	F	0	2
20210328072734	F	1	2
20210328073024	E	0	2
20210328073524	E	1	2
20210328074433	D	0	2
20210328074934	D	1	2
20210328075935	C	0	2
20210328080436	C	1	2
20210328080508	B	0	2
20210328081008	B	1	2
20210328082008	A	0	2
20210328082509	A	1	2
20210328082939	A2	0	2
20210328083439	A2	1	2
20210328084132	B	0	2
20210328084633	B	1	2
20210328085036	C	0	2
20210328085537	C	1	2
20210328085702	D	0	2
20210328090202	D	1	2
20210328090734	E	0	2
20210328091235	E	1	2
20210328092209	F	0	2
20210328092710	F	1	2
20210328092741	G	0	2
20210328093242	G	1	2
20210328094233	H	0	2
20210328094734	H	1	2
20210328095340	G	0	2
20210328095840	G	1	2
20210328100308	F	0	2
20210328100809	F	1	2
20210328101155	E	0	2
20210328101656	E	1	2
20210328101727	D	0	2
20210328102228	D	1	2
20210328102344	C	0	2
20210328102845	C	1	2
20210328103125	B	0	2
20210328103625	B	1	2
20210328103905	A	0	2
20210328104406	A	1	2
20210328104640	A2	0	2
20210328105141	A2	1	2
20210328105212	B	0	2
20210328105713	B	1	2
20210328105744	C	0	2
20210328110244	C	1	2
20210328110514	D	0	2
20210328111015	D	1	2
20210328112016	E	0	2
20210328112517	E	1	2
20210328112548	F	0	2
20210328113049	F	1	2
20210328113149	G	0	2
20210328113650	G	1	2
20210328113844	H	0	2
20210328114345	H	1	2
20210328114542	G	0	2
20210328115043	G	1	2
20210328115322	F	0	2
20210328115823	F	1	2
20210328115915	E	0	2
20210328120105	f	0	0
20210328120356	f	0	0
20210328120358	A	0	1
20210328120711	f	0	0
20210328120715	A	0	1
20210328121219	A	1	2
20210328130417	f	0	0
20210328130424	B	0	1
20210328130927	B	1	2
20210328130957	C	0	3
20210328131458	C	1	2
20210328131759	f	0	0
20210328131806	A	0	1
20210328131902	A2	0	2
20210328131925	B	0	2
20210328132335	C	0	2
20210328132835	C	1	2
20210328133623	D	0	3
20210328134124	D	1	2
20210328135124	E	0	2
20210328135624	E	1	2
20210328135657	F	0	3
20210328140157	F	1	2
20210328141157	G	0	2
20210328141658	G	1	2
20210328142057	H	0	3
20210328142557	H	1	2
20210328143036	G	0	3
20210328143536	G	1	2
20210328143845	F	0	3
20210328144345	F	1	2
20210328144505	E	0	3
20210328145005	E	1	2
20210328145149	D	0	3
20210328145649	D	1	2
20210328150146	C	0	3
20210328150647	C	1	2
20210328151415	B	0	3
20210328151915	B	1	2
20210328152217	A	0	3
20210328152718	A	1	2
20210328153352	A2	0	3
20210328153852	A2	1	2
20210328153924	B	0	3
20210328154424	B	1	2
20210328154611	C	0	3
20210328155111	C	1	2
20210328155537	D	0	3
20210328160037	D	1	2
20210328160152	E	0	3
20210328160653	E	1	2
20210328161038	F	0	3
20210328161539	F	1	2
20210328161748	G	0	3
20210328162250	G	1	2
20210328163250	H	0	2
20210328163751	H	1	2
20210328164133	G	0	3
20210328164634	G	1	2
20210328164706	F	0	3
20210328165206	F	1	2
20210328165429	E	0	3
20210328165929	E	1	2
20210328170010	D	0	3
20210328170511	D	1	2
20210328170541	C	0	3
20210328171041	C	1	2
20210328171112	B	0	3
20210328171612	B	1	2
20210328171856	A	0	3
20210328172358	A	1	2
20210328172429	A2	0	3
20210328172929	A2	1	2
20210328173000	B	0	3
20210328173501	B	1	2
20210328173630	C	0	3
20210328174132	C	1	2
20210328174203	D	0	3
20210328174704	D	1	2
20210328174735	E	0	3
20210328175237	E	1	2
20210328175356	F	0	3
20210328175857	F	1	2
20210328180134	G	0	3
20210328180636	G	1	2
20210328180926	H	0	3
20210328181428	H	1	2
20210328182429	G	0	2
20210328182930	G	1	2
20210328183931	F	0	2
20210328184433	F	1	2
20210328185433	E	0	2
20210328185935	E	1	2
20210328190037	D	0	3
20210328190538	D	1	2
20210328191539	C	0	2
20210328192040	C	1	2
20210328192127	B	0	3
20210328192629	B	1	2
20210328192700	A	0	3
20210328193201	A	1	2
20210328194201	A2	0	2
20210328194702	A2	1	2
20210328195703	B	0	2
20210328200204	B	1	2
20210328201204	C	0	2
20210328201705	C	1	2
20210328202706	D	0	2
20210328203208	D	1	2
20210328204133	E	0	3
20210328204633	E	1	2
20210328205320	F	0	3
20210328205821	F	1	2
20210328210404	G	0	3
20210328210906	G	1	2
20210328211415	H	0	3
20210328211916	H	1	2
20210328212410	G	0	3
20210328212910	G	1	2
20210328212941	F	0	3
20210328213441	F	1	2
20210328213512	E	0	3
20210328214014	E	1	2
20210328214145	D	0	3
20210328214646	D	1	2
20210328214717	C	0	3
20210328215219	C	1	2
20210328215250	B	0	3
20210328215751	B	1	2
20210328215959	A	0	3
20210328220500	A	1	2
20210328220531	A2	0	3
20210328221031	A2	1	2
20210328221101	B	0	3
20210328221602	B	1	2
20210328222244	C	0	3
20210328222745	C	1	2
20210328222816	D	0	3
20210328223316	D	1	2
20210328224233	E	0	3
20210328224734	E	1	2
20210328224952	F	0	3
20210328225453	F	1	2
20210328225833	G	0	3
20210328230335	G	1	2
20210328231335	H	0	2
20210328231835	H	1	2
20210328231905	G	0	3
20210328232406	G	1	2
20210328233200	F	0	3
20210328233701	F	1	2
20210328233732	E	0	3
20210328234233	E	1	2
20210328234743	D	0	3
20210328235244	D	1	2
20210328235315	C	0	3
20210328235816	C	1	2
20210329000315	B	0	3
20210329000816	B	1	2
20210329000847	A	0	3
20210329001348	A	1	2
20210329001419	A2	0	3
20210329001920	A2	1	2
20210329002014	B	0	3
20210329002515	B	1	2
20210329002546	C	0	3
20210329003047	C	1	2
20210329003118	D	0	3
20210329003619	D	1	2
20210329004354	E	0	3
20210329004855	E	1	2
20210329005342	F	0	3
20210329005843	F	1	2
20210329005914	G	0	3
20210329010415	G	1	2
20210329010446	H	0	3
20210329010947	H	1	2
20210329011454	G	0	3
20210329011955	G	1	2
20210329012026	F	0	3
20210329012527	F	1	2
20210329013026	E	0	3
20210329013526	E	1	2
20210329013557	D	0	3
20210329014058	D	1	2
20210329014130	C	0	3
20210329014630	C	1	2
20210329014838	B	0	3
20210329015339	B	1	2
20210329015410	A	0	3
20210329015912	A	1	2
20210329015943	A2	0	3
20210329020443	A2	1	2
20210329020726	B	0	3
20210329021228	B	1	2
20210329021600	C	0	3
20210329022100	C	1	2
20210329022327	D	0	3
20210329022828	D	1	2
20210329023826	E	0	3
20210329024327	E	1	2
20210329025327	F	0	2
20210329025828	F	1	2
20210329025918	G	0	3
20210329030419	G	1	2
20210329030523	H	0	3
20210329031023	H	1	2
20210329031307	G	0	3
20210329031808	G	1	2
20210329031839	F	0	3
20210329032340	F	1	2
20210329032922	E	0	3
20210329033423	E	1	2
20210329034236	D	0	3
20210329034737	D	1	2
20210329035530	C	0	3
20210329040031	C	1	2
20210329040102	B	0	3
20210329040603	B	1	2
20210329040848	A	0	3
20210329041349	A	1	2
20210329041819	A2	0	3
20210329042320	A2	1	2
20210329043302	B	0	3
20210329043803	B	1	2
20210329044237	C	0	3
20210329044738	C	1	2
20210329044809	D	0	3
20210329045310	D	1	2
20210329045341	E	0	3
20210329045842	E	1	2
20210329050256	F	0	3
20210329050756	F	1	2
20210329050827	G	0	3
20210329051329	G	1	2
20210329051844	H	0	3
20210329052345	H	1	2
20210329052416	G	0	3
20210329052917	G	1	2
20210329052948	F	0	3
20210329053449	F	1	2
20210329053736	E	0	3
20210329054237	E	1	2
20210329054308	D	0	3
20210329054809	D	1	2
20210329054840	C	0	3
20210329055341	C	1	2
20210329055524	B	0	3
20210329060025	B	1	2
20210329060056	A	0	3
20210329060557	A	1	2
20210329060628	A2	0	3
20210329061129	A2	1	2
20210329061225	B	0	3
20210329061726	B	1	2
20210329061757	C	0	3
20210329062258	C	1	2
20210329062329	D	0	3
20210329062830	D	1	2
20210329063200	E	0	3
20210329063701	E	1	2
20210329063732	F	0	3
20210329064233	F	1	2
20210329065233	G	0	2
20210329065733	G	1	2
20210329070734	H	0	2
20210329071235	H	1	2
20210329071305	G	0	3
20210329071806	G	1	2
20210329072022	F	0	3
20210329072523	F	1	2
20210329072554	E	0	3
20210329073054	E	1	2
20210329073125	D	0	3
20210329073626	D	1	2
20210329074432	C	0	3
20210329074932	C	1	2
20210329075002	B	0	3
20210329075503	B	1	2
20210329080043	A	0	3
20210329080543	A	1	2
20210329080613	A2	0	3
20210329081115	A2	1	2
20210329081853	B	0	3
20210329082354	B	1	2
20210329082425	C	0	3
20210329082926	C	1	2
20210329083400	D	0	3
20210329083901	D	1	2
20210329083932	E	0	3
20210329084432	E	1	2
20210329084503	F	0	3
20210329085003	F	1	2
20210329085109	G	0	3
20210329085610	G	1	2
20210329085641	H	0	3
20210329090141	H	1	2
20210329090212	G	0	3
20210329090713	G	1	2
20210329091713	F	0	2
20210329092214	F	1	2
20210329092516	E	0	3
20210329093016	E	1	2
20210329093047	D	0	3
20210329093548	D	1	2
20210329093619	C	0	3
20210329094120	C	1	2
20210329094607	B	0	3
20210329095108	B	1	2
20210329095139	A	0	3
20210329095640	A	1	2
20210329100219	A2	0	3
20210329100720	A2	1	2
20210329100806	B	0	3
20210329101307	B	1	2
20210329101338	C	0	3
20210329101838	C	1	2
20210329102037	D	0	3
20210329102537	D	1	2
20210329102611	E	0	3
20210329103111	E	1	2
20210329103142	F	0	3
20210329103643	F	1	2
20210329103810	G	0	3
20210329104311	G	1	2
20210329104342	H	0	3
20210329104842	H	1	2
20210329104913	G	0	3
20210329105413	G	1	2
20210329105503	F	0	3
20210329110005	F	1	2
20210329110036	E	0	3
20210329110537	E	1	2
20210329110608	D	0	3
20210329111109	D	1	2
20210329111226	C	0	3
20210329111726	C	1	2
20210329111758	B	0	3
20210329112259	B	1	2
20210329112330	A	0	3
20210329112830	A	1	2
20210329113550	A2	0	3
20210329114052	A2	1	2
20210329114123	B	0	3
20210329114624	B	1	2
20210329115519	C	0	3
20210329120020	C	1	2
20210329121021	D	0	2
20210329121521	D	1	2
20210329122328	E	0	3
20210329122828	E	1	2
20210329123543	F	0	3
20210329124044	F	1	2
20210329124516	G	0	3
20210329125017	G	1	2
20210329125048	H	0	3
20210329125550	H	1	2
20210329130049	G	0	3
20210329130549	G	1	2
20210329130619	F	0	3
20210329131119	F	1	2
20210329131149	E	0	3
20210329131651	E	1	2
20210329131739	D	0	3
20210329132239	D	1	2
20210329132310	C	0	3
20210329132811	C	1	2
20210329132842	B	0	3
20210329133343	B	1	2
20210329134203	A	0	3
20210329134703	A	1	2
20210329134734	A2	0	3
20210329135235	A2	1	2
20210329135306	B	0	3
20210329135807	B	1	2
20210329135838	C	0	3
20210329140339	C	1	2
20210329140410	D	0	3
20210329140910	D	1	2
20210329141345	E	0	3
20210329141845	E	1	2
20210329141916	F	0	3
20210329142417	F	1	2
20210329142828	G	0	3
20210329143330	G	1	2
20210329143401	H	0	3
20210329143902	H	1	2
20210329143933	G	0	3
20210329144434	G	1	2
20210329144751	F	0	3
20210329145252	F	1	2
20210329145324	E	0	3
20210329145824	E	1	2
20210329145855	D	0	3
20210329150355	D	1	2
20210329150529	C	0	3
20210329151030	C	1	2
20210329151605	B	0	3
20210329152106	B	1	2
20210329152411	A	0	3
20210329152913	A	1	2
20210329153613	A2	0	3
20210329154114	A2	1	2
20210329155114	B	0	3
20210329155614	B	1	2
20210329160256	C	0	3
20210329160756	C	1	2
20210329160828	D	0	3
20210329161328	D	1	2
20210329162114	E	0	3
20210329162614	E	1	2
20210329163111	F	0	3
20210329163612	F	1	2
20210329164340	G	0	3
20210329164840	G	1	2
20210329164911	H	0	3
20210329165412	H	1	2
20210329165656	G	0	3
20210329170157	G	1	2
20210329170545	F	0	3
20210329171046	F	1	2
20210329172046	E	0	2
20210329172546	E	1	2
20210329172636	D	0	3
20210329173137	D	1	2
20210329173209	C	0	3
20210329173709	C	1	2
20210329174201	B	0	3
20210329174702	B	1	2
20210329175218	A	0	3
20210329175718	A	1	2
20210329180243	A2	0	3
20210329180744	A2	1	2
20210329181252	B	0	3
20210329181752	B	1	2
20210329182348	C	0	3
20210329182848	C	1	2
20210329183549	D	0	3
20210329184050	D	1	2
20210329184121	E	0	3
20210329184622	E	1	2
20210329184653	F	0	3
20210329185154	F	1	2
20210329185748	G	0	3
20210329190249	G	1	2
20210329190319	H	0	3
20210329190820	H	1	2
20210329190850	G	0	3
20210329191351	G	1	2
20210329191422	F	0	3
20210329191923	F	1	2
20210329192148	E	0	3
20210329192648	E	1	2
20210329193648	D	0	2
20210329194150	D	1	2
20210329194518	C	0	3
20210329195018	C	1	2
20210329195049	B	0	3
20210329195549	B	1	2
20210329200117	A	0	3
20210329200618	A	1	2
20210329201129	A2	0	3
20210329201630	A2	1	2
20210329202324	B	0	3
20210329202824	B	1	2
20210329203825	C	0	2
20210329204326	C	1	2
20210329205327	D	0	2
20210329205827	D	1	2
20210329205949	E	0	3
20210329210450	E	1	2
20210329210530	F	0	3
20210409171303	f	0	0
20210409171436	f	0	0
20210409171546	f	0	0
20210409171623	f	0	0
20210409171755	f	0	0
20210409172603	f	0	0
20210409173053	f	0	0
20210409173133	f	0	0
20210409173231	f	0	0
20210409173815	f	0	0
20210409173954	f	0	0
20210409174049	f	0	0
20210409174203	f	0	0
20210409174225	f	0	0
20210412103504	f	0	0
20210412103505	A	0	1
20210412103551	f	0	0
20210412103633	f	0	0
20210412103646	f	0	0
20210412122355	f	0	0
20210412123356	f	0	0
20210412123801	f	0	0
20210412123909	f	0	0
20210412123953	f	0	0
20210412124035	f	0	0
20210412124036	A	0	1
20210412124046	A	1	1
20210412124047	A	0	1
20210412124200	f	0	0
20210412124321	f	0	0
20210412124553	f	0	0
20210412124612	f	0	0
20210412124822	f	0	0
20210412124845	f	0	0
20210412125051	f	0	0
20210412125127	f	0	0
20210412125303	f	0	0
20210412125436	f	0	0
20210412125631	f	0	0
20210412125756	f	0	0
20210412125857	G	0	1
20210412141315	f	0	0
20210412141753	f	0	0
20210412141914	f	0	0
20210412145607	f	0	0
20210412145614	A	0	1
20210412145712	f	0	0
20210412145718	A	0	1
20210412145800	f	0	0
20210412145812	B	0	1
20210412145916	f	0	0
20210426125048	a	0	0
20210426125119	a	0	0
20210426125123	a	1	1
20210426125153	a	0	0
20210426125156	a	1	2
20210426125159	b	0	2
20210426125201	b	1	2
20210426125204	c	0	2
20210426125206	c	1	2
20210426125209	d	0	2
20210426125211	d	1	2
20210426125214	e	0	2
20210426125216	e	1	2
20210426125219	f	0	2
20210426125222	f	1	2
20210426125225	g	0	2
20210426125227	g	1	2
20210426125230	h	0	2
20210426125232	h	1	2
20210426125235	i	0	2
20210426125237	i	1	2
20210426125240	j	0	2
20210426125242	j	1	2
20210426125245	k	0	2
20210426125247	k	1	2
20210426125250	l	0	2
20210426125252	l	1	2
20210426125255	m	0	2
20210426125257	m	1	2
20210426125300	n	0	2
20210426125303	n	1	2
20210426125306	o	0	2
20210426125308	o	1	2
20210426125311	p	0	2
20210426125313	p	1	2
20210426125316	q	0	2
20210426125318	q	1	2
20210426125321	r	0	2
20210426125323	r	1	2
20210426125326	s	0	2
20210426125328	s	1	2
20210426125331	t	0	2
20210426125333	t	1	2
20210426125336	u	0	2
20210426125338	u	1	2
20210426125341	v	0	2
20210426125343	v	1	2
20210426125346	w	0	2
20210426125348	w	1	2
20210426125351	x	0	2
20210426125354	x	1	2
20210426125357	a	0	2
20210426125359	a	1	2
20210426125402	b	0	2
20210426125404	b	1	2
20210426125407	c	0	2
20210426125409	c	1	2
20210426125412	d	0	2
20210426125414	d	1	2
20210426125417	e	0	2
20210426125419	e	1	2
20210426125422	f	0	2
20210426125424	f	1	2
20210426125427	g	0	2
20210426125429	g	1	2
20210426125432	h	0	2
20210426125434	h	1	2
20210426125438	i	0	2
20210426125440	i	1	2
20210426125443	j	0	2
20210426125445	j	1	2
20210426125448	k	0	2
20210426125450	k	1	2
20210426125453	l	0	2
20210426125455	l	1	2
20210426125458	m	0	2
20210426125500	m	1	2
20210426125503	n	0	2
20210426125505	n	1	2
20210426125508	o	0	2
20210426125510	o	1	2
20210426125514	p	0	2
20210426125516	p	1	2
20210426125519	q	0	2
20210426125521	q	1	2
20210426125524	r	0	2
20210426125526	r	1	2
20210426125529	s	0	2
20210426125531	s	1	2
20210426125534	t	0	2
20210426125536	t	1	2
20210426125539	u	0	2
20210426125541	u	1	2
20210426125544	v	0	2
20210426125547	v	1	2
20210426125550	w	0	2
20210426125552	w	1	2
20210426125555	x	0	2
20210426125557	x	1	2
20210426125600	a	0	2
20210426125602	a	1	2
20210426125605	b	0	2
20210426125607	b	1	2
20210426125610	c	0	2
20210426125612	c	1	2
20210426125615	d	0	2
20210426125617	d	1	2
20210426125620	e	0	2
20210426125622	e	1	2
20210426125626	f	0	2
20210426125628	f	1	2
20210426125631	g	0	2
20210426125633	g	1	2
20210426125636	h	0	2
20210426125638	h	1	2
20210426125641	i	0	2
20210426125643	i	1	2
20210426125646	j	0	2
20210426125648	j	1	2
20210426125651	k	0	2
20210426125654	k	1	2
20210426125657	l	0	2
20210426125659	l	1	2
20210426125702	m	0	2
20210426125704	m	1	2
20210426125707	n	0	2
20210426125709	n	1	2
20210426125712	o	0	2
20210426125714	o	1	2
20210426125717	p	0	2
20210426125719	p	1	2
20210426125722	q	0	2
20210426125724	q	1	2
20210426125727	r	0	2
20210426125729	r	1	2
20210426125732	s	0	2
20210426125734	s	1	2
20210426125738	t	0	2
20210426125740	t	1	2
20210426125743	u	0	2
20210426125745	u	1	2
20210426125748	v	0	2
20210426125750	v	1	2
20210426125753	w	0	2
20210426125755	w	1	2
20210426125758	x	0	2
20210426125800	x	1	2
20210426125803	a	0	2
20210426125805	a	1	2
20210426125808	b	0	2
20210426125810	b	1	2
20210426125813	c	0	2
20210426125816	c	1	2
20210426125819	d	0	2
20210426125821	d	1	2
20210426125824	e	0	2
20210426125826	e	1	2
20210426125829	f	0	2
20210426125831	f	1	2
20210426125834	g	0	2
20210426125836	g	1	2
20210426125839	h	0	2
20210426125841	h	1	2
20210426125844	i	0	2
20210426125846	i	1	2
20210426125849	j	0	2
20210426125852	j	1	2
20210426125855	k	0	2
20210426125857	k	1	2
20210426125900	l	0	2
20210426125902	l	1	2
20210426125905	m	0	2
20210426125907	m	1	2
20210426125910	n	0	2
20210426125912	n	1	2
20210426125915	o	0	2
20210426125917	o	1	2
20210426125920	p	0	2
20210426125922	p	1	2
20210426125925	q	0	2
20210426125928	q	1	2
20210426125931	r	0	2
20210426125933	r	1	2
20210426125936	s	0	2
20210426125938	s	1	2
20210426125941	t	0	2
20210426125943	t	1	2
20210426125946	u	0	2
20210426125948	u	1	2
20210426125951	v	0	2
20210426125953	v	1	2
20210426125956	w	0	2
20210426125958	w	1	2
20210426130001	x	0	2
20210426130003	x	1	2
20210426130007	a	0	2
20210426130009	a	1	2
20210426130012	b	0	2
20210426130014	b	1	2
20210426130017	c	0	2
20210426130019	c	1	2
20210426130022	d	0	2
20210426130024	d	1	2
20210426130027	e	0	2
20210426130029	e	1	2
20210426130032	f	0	2
20210426130034	f	1	2
20210426130037	g	0	2
20210426130039	g	1	2
20210426130042	h	0	2
20210426130044	h	1	2
20210426130048	i	0	2
20210426130050	i	1	2
20210426130053	j	0	2
20210426130055	j	1	2
20210426130058	k	0	2
20210426130100	k	1	2
20210426130103	l	0	2
20210426130105	l	1	2
20210426130108	m	0	2
20210426130110	m	1	2
20210426130113	n	0	2
20210426130115	n	1	2
20210426130118	o	0	2
20210426130120	o	1	2
20210426130123	p	0	2
20210426130126	p	1	2
20210426130129	q	0	2
20210426130131	q	1	2
20210426130134	r	0	2
20210426130136	r	1	2
20210426130139	s	0	2
20210426130141	s	1	2
20210426130144	t	0	2
20210426130146	t	1	2
20210426130149	u	0	2
20210426130151	u	1	2
20210426130154	v	0	2
20210426130156	v	1	2
20210426130200	w	0	2
20210426130202	w	1	2
20210426130205	x	0	2
20210426130207	x	1	2
20210426130210	a	0	2
20210426130212	a	1	2
20210426130215	b	0	2
20210426130217	b	1	2
20210426130220	c	0	2
20210426130222	c	1	2
20210426130225	d	0	2
20210426130227	d	1	2
20210426130230	e	0	2
20210426130232	e	1	2
20210426130235	f	0	2
20210426130237	f	1	2
20210426130241	g	0	2
20210426130243	g	1	2
20210426130246	h	0	2
20210426130248	h	1	2
20210426130251	i	0	2
20210426130253	i	1	2
20210426130256	j	0	2
20210426130258	j	1	2
20210426130301	k	0	2
20210426130303	k	1	2
20210426130306	l	0	2
20210426130308	l	1	2
20210426130311	m	0	2
20210426130313	m	1	2
20210426130316	n	0	2
20210426130319	n	1	2
20210426130322	o	0	2
20210426130324	o	1	2
20210426130327	p	0	2
20210426130329	p	1	2
20210426130332	q	0	2
20210426130334	q	1	2
20210426130337	r	0	2
20210426130339	r	1	2
20210426130342	s	0	2
20210426130344	s	1	2
20210426130347	t	0	2
20210426130349	t	1	2
20210426130352	u	0	2
20210426130354	u	1	2
20210426130357	v	0	2
20210426130359	v	1	2
20210426130402	w	0	2
20210426130404	w	1	2
20210426130407	x	0	2
20210426130409	x	1	2
20210426130412	a	0	2
20210426130414	a	1	2
20210426130417	b	0	2
20210426130419	b	1	2
20210426130422	c	0	2
20210426130425	c	1	2
20210426130428	d	0	2
20210426130430	d	1	2
20210426130433	e	0	2
20210426130435	e	1	2
20210426130438	f	0	2
20210426130440	f	1	2
20210426130443	g	0	2
20210426130445	g	1	2
20210426130448	h	0	2
20210426130450	h	1	2
20210426130453	i	0	2
20210426130455	i	1	2
20210426130458	j	0	2
20210426130500	j	1	2
20210426130504	k	0	2
20210426130506	k	1	2
20210426130509	l	0	2
20210426130511	l	1	2
20210426130514	m	0	2
20210426130516	m	1	2
20210426130519	n	0	2
20210426130521	n	1	2
20210426130524	o	0	2
20210426130526	o	1	2
20210426130529	p	0	2
20210426130531	p	1	2
20210426130535	q	0	2
20210426130537	q	1	2
20210426130540	r	0	2
20210426130542	r	1	2
20210426130545	s	0	2
20210426130547	s	1	2
20210426130550	t	0	2
20210426130552	t	1	2
20210426130555	u	0	2
20210426130557	u	1	2
20210426130600	v	0	2
20210426130602	v	1	2
20210426130605	w	0	2
20210426130607	w	1	2
20210426130610	x	0	2
20210426130613	x	1	2
20210426130616	a	0	2
20210426130618	a	1	2
20210426130621	b	0	2
20210426130623	b	1	2
20210426130626	c	0	2
20210426130628	c	1	2
20210426130631	d	0	2
20210426130633	d	1	2
20210426130636	e	0	2
20210426130638	e	1	2
20210426130641	f	0	2
20210426130643	f	1	2
20210426130646	g	0	2
20210426130648	g	1	2
20210426130652	h	0	2
20210426130654	h	1	2
20210426130657	i	0	2
20210426130659	i	1	2
20210426130702	j	0	2
20210426130704	j	1	2
20210426130707	k	0	2
20210426130709	k	1	2
20210426130712	l	0	2
20210426130714	l	1	2
20210426130717	m	0	2
20210426130719	m	1	2
20210426130722	n	0	2
20210426130725	n	1	2
20210426130728	o	0	2
20210426130730	o	1	2
20210426130733	p	0	2
20210426130735	p	1	2
20210426130738	q	0	2
20210426130740	q	1	2
20210426130743	r	0	2
20210426130745	r	1	2
20210426130748	s	0	2
20210426130750	s	1	2
20210426130753	t	0	2
20210426130755	t	1	2
20210426130758	u	0	2
20210426130800	u	1	2
20210426130804	v	0	2
20210426130806	v	1	2
20210426130809	w	0	2
20210426130811	w	1	2
20210426130814	x	0	2
20210426130816	x	1	2
20210426130819	a	0	2
20210426130821	a	1	2
20210426130824	b	0	2
20210426130826	b	1	2
20210426130829	c	0	2
20210426130831	c	1	2
20210426130834	d	0	2
20210426130837	d	1	2
20210426130840	e	0	2
20210426130842	e	1	2
20210426130845	f	0	2
20210426130847	f	1	2
20210426130850	g	0	2
20210426130852	g	1	2
20210426130855	h	0	2
20210426130857	h	1	2
20210426130900	i	0	2
20210426130902	i	1	2
20210426130905	j	0	2
20210426130907	j	1	2
20210426130910	k	0	2
20210426130913	k	1	2
20210426130916	l	0	2
20210426130918	l	1	2
20210426130921	m	0	2
20210426130923	m	1	2
20210426130926	n	0	2
20210426130928	n	1	2
20210426130931	o	0	2
20210426130933	o	1	2
20210426130936	p	0	2
20210426130938	p	1	2
20210426130941	q	0	2
20210426130943	q	1	2
20210426130946	r	0	2
20210426130948	r	1	2
20210426130952	s	0	2
20210426130954	s	1	2
20210426130957	t	0	2
20210426130959	t	1	2
20210426131002	u	0	2
20210426131004	u	1	2
20210426131007	v	0	2
20210426131009	v	1	2
20210426131012	w	0	2
20210426131014	w	1	2
20210426131017	x	0	2
20210426131019	x	1	2
20210426131022	a	0	2
20210426131024	a	1	2
20210426131027	b	0	2
20210426131030	b	1	2
20210426131033	c	0	2
20210426131035	c	1	2
20210426131038	d	0	2
20210426131040	d	1	2
20210426131043	e	0	2
20210426131045	e	1	2
20210426131048	f	0	2
20210426131050	f	1	2
20210426131053	g	0	2
20210426131055	g	1	2
20210426131058	h	0	2
20210426131100	h	1	2
20210426131103	i	0	2
20210426131105	i	1	2
20210426131108	j	0	2
20210426131110	j	1	2
20210426131114	k	0	2
20210426131116	k	1	2
20210426131119	l	0	2
20210426131121	l	1	2
20210426131124	m	0	2
20210426131126	m	1	2
20210426131129	n	0	2
20210426131131	n	1	2
20210426131134	o	0	2
20210426131136	o	1	2
20210426131139	p	0	2
20210426131141	p	1	2
20210426131144	q	0	2
20210426131146	q	1	2
20210426131149	r	0	2
20210426131151	r	1	2
20210426131155	s	0	2
20210426131157	s	1	2
20210426131200	t	0	2
20210426131202	t	1	2
20210426131205	u	0	2
20210426131207	u	1	2
20210426131210	v	0	2
20210426131212	v	1	2
20210426131215	w	0	2
20210426131217	w	1	2
20210426131220	x	0	2
20210426131222	x	1	2
20210426131225	a	0	2
20210426131228	a	1	2
20210426131231	b	0	2
20210426131233	b	1	2
20210426131236	c	0	2
20210426131238	c	1	2
20210426131241	d	0	2
20210426131243	d	1	2
20210426131246	e	0	2
20210426131248	e	1	2
20210426131251	f	0	2
20210426131253	f	1	2
20210426131256	g	0	2
20210426131258	g	1	2
20210426131301	h	0	2
20210426131303	h	1	2
20210426131307	i	0	2
20210426131309	i	1	2
20210426131312	j	0	2
20210426131314	j	1	2
20210426131317	k	0	2
20210426131319	k	1	2
20210426131322	l	0	2
20210426131324	l	1	2
20210426131327	m	0	2
20210426131329	m	1	2
20210426131332	n	0	2
20210426131334	n	1	2
20210426131337	o	0	2
20210426131339	o	1	2
20210426131342	p	0	2
20210426131344	p	1	2
20210426131347	q	0	2
20210426131349	q	1	2
20210426131352	r	0	2
20210426131354	r	1	2
20210426131357	s	0	2
20210426131359	s	1	2
20210426131402	t	0	2
20210426131404	t	1	2
20210426131407	u	0	2
20210426131409	u	1	2
20210426131413	v	0	2
20210426131415	v	1	2
20210426131418	w	0	2
20210426131420	w	1	2
20210426131423	x	0	2
20210426131425	x	1	2
20210426131428	a	0	2
20210426131430	a	1	2
20210426131433	b	0	2
20210426131435	b	1	2
20210426131438	c	0	2
20210426131440	c	1	2
20210426131443	d	0	2
20210426131446	d	1	2
20210426131449	e	0	2
20210426131451	e	1	2
20210426131454	f	0	2
20210426131456	f	1	2
20210426131459	g	0	2
20210426131501	g	1	2
20210426131504	h	0	2
20210426131506	h	1	2
20210426131509	i	0	2
20210426131511	i	1	2
20210426131514	j	0	2
20210426131516	j	1	2
20210426131520	k	0	2
20210426131522	k	1	2
20210426131525	l	0	2
20210426131527	l	1	2
20210426131530	m	0	2
20210426131532	m	1	2
20210426131535	n	0	2
20210426131537	n	1	2
20210426131540	o	0	2
20210426131542	o	1	2
20210426131545	p	0	2
20210426131548	p	1	2
20210426131551	q	0	2
20210426131553	q	1	2
20210426131556	r	0	2
20210426131558	r	1	2
20210426131601	s	0	2
20210426131603	s	1	2
20210426131606	t	0	2
20210426131608	t	1	2
20210426131611	u	0	2
20210426131613	u	1	2
20210426131616	v	0	2
20210426131618	v	1	2
20210426131622	w	0	2
20210426131624	w	1	2
20210426131627	x	0	2
20210426131629	x	1	2
20210426131632	a	0	2
20210426131634	a	1	2
20210426131637	b	0	2
20210426131639	b	1	2
20210426131642	c	0	2
20210426131644	c	1	2
20210426131648	d	0	2
20210426131650	d	1	2
20210426131653	e	0	2
20210426131655	e	1	2
20210426131658	f	0	2
20210426131700	f	1	2
20210426131703	g	0	2
20210426131705	g	1	2
20210426131708	h	0	2
20210426131710	h	1	2
20210426131714	i	0	2
20210426131716	i	1	2
20210426131719	j	0	2
20210426131721	j	1	2
20210426131724	k	0	2
20210426131726	k	1	2
20210426131729	l	0	2
20210426131731	l	1	2
20210426131734	m	0	2
20210426131736	m	1	2
20210426131739	n	0	2
20210426131741	n	1	2
20210426131745	o	0	2
20210426131747	o	1	2
20210426131750	p	0	2
20210426131752	p	1	2
20210426131755	q	0	2
20210426131757	q	1	2
20210426131800	r	0	2
20210426131802	r	1	2
20210426131805	s	0	2
20210426131807	s	1	2
20210426131810	t	0	2
20210426131812	t	1	2
20210426131815	u	0	2
20210426131817	u	1	2
20210426131821	v	0	2
20210426131823	v	1	2
20210426131826	w	0	2
20210426131828	w	1	2
20210426131831	x	0	2
20210426131833	x	1	2
20210426131836	a	0	2
20210426131838	a	1	2
20210426131841	b	0	2
20210426131843	b	1	2
20210426131846	c	0	2
20210426131848	c	1	2
20210426131851	d	0	2
20210426131854	d	1	2
20210426131857	e	0	2
20210426131859	e	1	2
20210426131902	f	0	2
20210426131904	f	1	2
20210426131907	g	0	2
20210426131909	g	1	2
20210426131912	h	0	2
20210426131914	h	1	2
20210426131917	i	0	2
20210426131919	i	1	2
20210426131922	j	0	2
20210426131924	j	1	2
20210426131927	k	0	2
20210426131929	k	1	2
20210426131933	l	0	2
20210426131935	l	1	2
20210426131938	m	0	2
20210426131940	m	1	2
20210426131943	n	0	2
20210426131945	n	1	2
20210426131948	o	0	2
20210426131950	o	1	2
20210426131953	p	0	2
20210426131955	p	1	2
20210426131958	q	0	2
20210426132000	q	1	2
20210426132003	r	0	2
20210426132005	r	1	2
20210426132008	s	0	2
20210426132010	s	1	2
20210426132014	t	0	2
20210426132016	t	1	2
20210426132019	u	0	2
20210426132021	u	1	2
20210426132024	v	0	2
20210426132026	v	1	2
20210426132029	w	0	2
20210426132031	w	1	2
20210426132034	x	0	2
20210426132036	x	1	2
20210426132039	a	0	2
20210426132041	a	1	2
20210426132044	b	0	2
20210426132047	b	1	2
20210426132050	c	0	2
20210426132052	c	1	2
20210426132055	d	0	2
20210426132057	d	1	2
20210426132100	e	0	2
20210426132102	e	1	2
20210426132105	f	0	2
20210426132107	f	1	2
20210426132110	g	0	2
20210426132112	g	1	2
20210426132115	h	0	2
20210426132117	h	1	2
20210426132121	i	0	2
20210426132123	i	1	2
20210426132126	j	0	2
20210426132128	j	1	2
20210426132131	k	0	2
20210426132133	k	1	2
20210426132136	l	0	2
20210426132138	l	1	2
20210426132141	m	0	2
20210426132143	m	1	2
20210426132146	n	0	2
20210426132148	n	1	2
20210426132152	o	0	2
20210426132154	o	1	2
20210426132157	p	0	2
20210426132159	p	1	2
20210426132202	q	0	2
20210426132204	q	1	2
20210426132207	r	0	2
20210426132209	r	1	2
20210426132212	s	0	2
20210426132214	s	1	2
20210426132217	t	0	2
20210426132219	t	1	2
20210426132222	u	0	2
20210426132224	u	1	2
20210426132227	v	0	2
20210426132230	v	1	2
20210426132233	w	0	2
20210426132235	w	1	2
20210426132238	x	0	2
20210426132240	x	1	2
20210426132243	a	0	2
20210426132245	a	1	2
20210426132248	b	0	2
20210426132250	b	1	2
20210426132253	c	0	2
20210426132255	c	1	2
20210426132258	d	0	2
20210426132301	d	1	2
20210426132304	e	0	2
20210426132306	e	1	2
20210426132309	f	0	2
20210426132311	f	1	2
20210426132314	g	0	2
20210426132316	g	1	2
20210426132319	h	0	2
20210426132321	h	1	2
20210426132324	i	0	2
20210426132326	i	1	2
20210426132329	j	0	2
20210426132331	j	1	2
20210426132334	k	0	2
20210426132336	k	1	2
20210426132339	l	0	2
20210426132341	l	1	2
20210426132345	m	0	2
20210426132347	m	1	2
20210426132350	n	0	2
20210426132352	n	1	2
20210426132355	o	0	2
20210426132357	o	1	2
20210426132400	p	0	2
20210426132402	p	1	2
20210426132405	q	0	2
20210426132407	q	1	2
20210426132410	r	0	2
20210426132412	r	1	2
20210426132415	s	0	2
20210426132417	s	1	2
20210426132420	t	0	2
20210426132422	t	1	2
20210426132425	u	0	2
20210426132427	u	1	2
20210426132430	v	0	2
20210426132432	v	1	2
20210426132435	w	0	2
20210426132438	w	1	2
20210426132441	x	0	2
20210426132443	x	1	2
20210426132446	a	0	2
20210426132448	a	1	2
20210426132451	b	0	2
20210426132453	b	1	2
20210426132456	c	0	2
20210426132458	c	1	2
20210426132501	d	0	2
20210426132503	d	1	2
20210426132506	e	0	2
20210426132508	e	1	2
20210426132511	f	0	2
20210426132514	f	1	2
20210426132517	g	0	2
20210426132519	g	1	2
20210426132522	h	0	2
20210426132524	h	1	2
20210426132527	i	0	2
20210426132529	i	1	2
20210426132532	j	0	2
20210426132534	j	1	2
20210426132537	k	0	2
20210426132539	k	1	2
20210426132542	l	0	2
20210426132545	l	1	2
20210426132548	m	0	2
20210426132550	m	1	2
20210426132553	n	0	2
20210426132555	n	1	2
20210426132558	o	0	2
20210426132600	o	1	2
20210426132603	p	0	2
20210426132605	p	1	2
20210426132608	q	0	2
20210426132610	q	1	2
20210426132613	r	0	2
20210426132615	r	1	2
20210426132618	s	0	2
20210426132620	s	1	2
20210426132623	t	0	2
20210426132626	t	1	2
20210426132629	u	0	2
20210426132631	u	1	2
20210426132634	v	0	2
20210426132636	v	1	2
20210426132639	w	0	2
20210426132641	w	1	2
20210426132644	x	0	2
20210426132646	x	1	2
20210426132649	a	0	2
20210426132651	a	1	2
20210426132654	b	0	2
20210426132656	b	1	2
20210426132659	c	0	2
20210426132702	c	1	2
20210426132705	d	0	2
20210426132707	d	1	2
20210426132710	e	0	2
20210426132712	e	1	2
20210426132715	f	0	2
20210426132717	f	1	2
20210426132720	g	0	2
20210426132722	g	1	2
20210426132725	h	0	2
20210426132727	h	1	2
20210426132730	i	0	2
20210426132732	i	1	2
20210426132735	j	0	2
20210426132737	j	1	2
20210426132741	k	0	2
20210426132743	k	1	2
20210426132746	l	0	2
20210426132748	l	1	2
20210426132751	m	0	2
20210426132753	m	1	2
20210426132756	n	0	2
20210426132758	n	1	2
20210426132801	o	0	2
20210426132803	o	1	2
20210426132806	p	0	2
20210426132808	p	1	2
20210426132811	q	0	2
20210426132813	q	1	2
20210426132816	r	0	2
20210426132819	r	1	2
20210426132822	s	0	2
20210426132824	s	1	2
20210426132827	t	0	2
20210426132829	t	1	2
20210426132832	u	0	2
20210426132834	u	1	2
20210426132837	v	0	2
20210426132839	v	1	2
20210426132842	w	0	2
20210426132844	w	1	2
20210426132847	x	0	2
20210426132849	x	1	2
20210426132852	a	0	2
20210426132855	a	1	2
20210426132858	b	0	2
20210426132900	b	1	2
20210426132903	c	0	2
20210426132905	c	1	2
20210426132908	d	0	2
20210426132910	d	1	2
20210426132913	e	0	2
20210426132915	e	1	2
20210426132918	f	0	2
20210426132920	f	1	2
20210426132923	g	0	2
20210426132926	g	1	2
20210426132929	h	0	2
20210426132931	h	1	2
20210426132934	i	0	2
20210426132936	i	1	2
20210426132939	j	0	2
20210426132941	j	1	2
20210426132944	k	0	2
20210426132946	k	1	2
20210426132949	l	0	2
20210426132951	l	1	2
20210426132954	m	0	2
20210426132956	m	1	2
20210426132959	n	0	2
20210426133002	n	1	2
20210426133005	o	0	2
20210426133007	o	1	2
20210426133010	p	0	2
20210426133012	p	1	2
20210426133015	q	0	2
20210426133017	q	1	2
20210426133020	r	0	2
20210426133022	r	1	2
20210426133025	s	0	2
20210426133027	s	1	2
20210426133030	t	0	2
20210426133032	t	1	2
20210426133036	u	0	2
20210426133038	u	1	2
20210426133041	v	0	2
20210426133043	v	1	2
20210426133046	w	0	2
20210426133048	w	1	2
20210426133051	x	0	2
20210426133053	x	1	2
20210426133056	a	0	2
20210426133058	a	1	2
20210426133101	b	0	2
20210426133103	b	1	2
20210426133106	c	0	2
20210426133108	c	1	2
20210426133111	d	0	2
20210426133114	d	1	2
20210426133117	e	0	2
20210426133119	e	1	2
20210426133122	f	0	2
20210426133124	f	1	2
20210426133127	g	0	2
20210426133129	g	1	2
20210426133132	h	0	2
20210426133134	h	1	2
20210426133137	i	0	2
20210426133139	i	1	2
20210426133142	j	0	2
20210426133144	j	1	2
20210426133148	k	0	2
20210426133150	k	1	2
20210426133153	l	0	2
20210426133155	l	1	2
20210426133158	m	0	2
20210426133200	m	1	2
20210426133203	n	0	2
20210426133205	n	1	2
20210426133208	o	0	2
20210426133210	o	1	2
20210426133213	p	0	2
20210426133215	p	1	2
20210426133218	q	0	2
20210426133220	q	1	2
20210426133223	r	0	2
20210426133225	r	1	2
20210426133229	s	0	2
20210426133231	s	1	2
20210426133234	t	0	2
20210426133236	t	1	2
20210426133239	u	0	2
20210426133241	u	1	2
20210426133244	v	0	2
20210426133246	v	1	2
20210426133249	w	0	2
20210426133251	w	1	2
20210426133254	x	0	2
20210426133256	x	1	2
20210426133259	a	0	2
20210426133301	a	1	2
20210426133304	b	0	2
20210426133306	b	1	2
20210426133309	c	0	2
20210426133311	c	1	2
20210426133315	d	0	2
20210426133317	d	1	2
20210426133320	e	0	2
20210426133322	e	1	2
20210426133325	f	0	2
20210426133327	f	1	2
20210426133330	g	0	2
20210426133332	g	1	2
20210426133335	h	0	2
20210426133337	h	1	2
20210426133341	i	0	2
20210426133343	i	1	2
20210426133346	j	0	2
20210426133348	j	1	2
20210426133351	k	0	2
20210426133353	k	1	2
20210426133356	l	0	2
20210426133358	l	1	2
20210426133401	m	0	2
20210426133403	m	1	2
20210426133406	n	0	2
20210426133408	n	1	2
20210426133411	o	0	2
20210426133413	o	1	2
20210426133416	p	0	2
20210426133418	p	1	2
20210426133421	q	0	2
20210426133423	q	1	2
20210426133426	r	0	2
20210426133428	r	1	2
20210426133431	s	0	2
20210426133434	s	1	2
20210426133437	t	0	2
20210426133439	t	1	2
20210426133442	u	0	2
20210426133444	u	1	2
20210426133447	v	0	2
20210426133449	v	1	2
20210426133452	w	0	2
20210426133454	w	1	2
20210426133457	x	0	2
20210426133459	x	1	2
20210426133502	a	0	2
20210426133504	a	1	2
20210426133508	b	0	2
20210426133510	b	1	2
20210426133513	c	0	2
20210426133515	c	1	2
20210426133518	d	0	2
20210426133520	d	1	2
20210426133523	e	0	2
20210426133525	e	1	2
20210426133528	f	0	2
20210426133530	f	1	2
20210426133533	g	0	2
20210426133535	g	1	2
20210426133538	h	0	2
20210426133541	h	1	2
20210426133544	i	0	2
20210426133546	i	1	2
20210426133549	j	0	2
20210426133551	j	1	2
20210426133554	k	0	2
20210426133556	k	1	2
20210426133559	l	0	2
20210426133601	l	1	2
20210426133604	m	0	2
20210426133606	m	1	2
20210426133609	n	0	2
20210426133611	n	1	2
20210426133614	o	0	2
20210426133617	o	1	2
20210426133620	p	0	2
20210426133622	p	1	2
20210426133625	q	0	2
20210426133627	q	1	2
20210426133630	r	0	2
20210426133632	r	1	2
20210426133635	s	0	2
20210426133637	s	1	2
20210426133640	t	0	2
20210426133642	t	1	2
20210426133645	u	0	2
20210426133647	u	1	2
20210426133650	v	0	2
20210426133652	v	1	2
20210426133655	w	0	2
20210426133657	w	1	2
20210426133700	x	0	2
20210426133703	x	1	2
20210426133706	a	0	2
20210426133708	a	1	2
20210426133711	b	0	2
20210426133713	b	1	2
20210426133716	c	0	2
20210426133718	c	1	2
20210426133721	d	0	2
20210426133723	d	1	2
20210426133726	e	0	2
20210426133728	e	1	2
20210426133731	f	0	2
20210426133733	f	1	2
20210426133737	g	0	2
20210426133739	g	1	2
20210426133742	h	0	2
20210426133744	h	1	2
20210426133747	i	0	2
20210426133749	i	1	2
20210426133752	j	0	2
20210426133754	j	1	2
20210426133757	k	0	2
20210426133759	k	1	2
20210426133802	l	0	2
20210426133804	l	1	2
20210426133807	m	0	2
20210426133809	m	1	2
20210426133813	n	0	2
20210426133815	n	1	2
20210426133818	o	0	2
20210426133820	o	1	2
20210426133823	p	0	2
20210426133825	p	1	2
20210426133828	q	0	2
20210426133830	q	1	2
20210426133833	r	0	2
20210426133835	r	1	2
20210426133838	s	0	2
20210426133840	s	1	2
20210426133843	t	0	2
20210426133845	t	1	2
20210426133848	u	0	2
20210426133850	u	1	2
20210426133854	v	0	2
20210426133856	v	1	2
20210426133859	w	0	2
20210426133901	w	1	2
20210426133904	x	0	2
20210426133906	x	1	2
20210426133909	a	0	2
20210426133911	a	1	2
20210426133914	b	0	2
20210426133916	b	1	2
20210426133919	c	0	2
20210426133921	c	1	2
20210426133924	d	0	2
20210426133927	d	1	2
20210426133930	e	0	2
20210426133932	e	1	2
20210426133935	f	0	2
20210426133937	f	1	2
20210426133940	g	0	2
20210426133942	g	1	2
20210426133945	h	0	2
20210426133947	h	1	2
20210426133950	i	0	2
20210426133952	i	1	2
20210426133955	j	0	2
20210426133957	j	1	2
20210426134001	k	0	2
20210426134003	k	1	2
20210426134006	l	0	2
20210426134008	l	1	2
20210426134011	m	0	2
20210426134013	m	1	2
20210426134016	n	0	2
20210426134018	n	1	2
20210426134021	o	0	2
20210426134023	o	1	2
20210426134026	p	0	2
20210426134028	p	1	2
20210426134031	q	0	2
20210426134034	q	1	2
20210426134037	r	0	2
20210426134039	r	1	2
20210426134042	s	0	2
20210426134044	s	1	2
20210426134047	t	0	2
20210426134049	t	1	2
20210426134052	u	0	2
20210426134054	u	1	2
20210426134057	v	0	2
20210426134059	v	1	2
20210426134102	w	0	2
20210426134104	w	1	2
20210426134107	x	0	2
20210426134109	x	1	2
20210426134113	a	0	2
20210426134115	a	1	2
20210426134118	b	0	2
20210426134120	b	1	2
20210426134123	c	0	2
20210426134125	c	1	2
20210426134128	d	0	2
20210426134130	d	1	2
20210426134133	e	0	2
20210426134135	e	1	2
20210426134138	f	0	2
20210426134140	f	1	2
20210426134143	g	0	2
20210426134145	g	1	2
20210426134148	h	0	2
20210426134151	h	1	2
20210426134154	i	0	2
20210426134156	i	1	2
20210426134159	j	0	2
20210426134201	j	1	2
20210426134204	k	0	2
20210426134206	k	1	2
20210426134209	l	0	2
20210426134211	l	1	2
20210426134214	m	0	2
20210426134216	m	1	2
20210426134219	n	0	2
20210426134222	n	1	2
20210426134225	o	0	2
20210426134227	o	1	2
20210426134230	p	0	2
20210426134232	p	1	2
20210426134235	q	0	2
20210426134237	q	1	2
20210426134240	r	0	2
20210426134242	r	1	2
20210426134245	s	0	2
20210426134247	s	1	2
20210426134250	t	0	2
20210426134253	t	1	2
20210426134256	u	0	2
20210426134258	u	1	2
20210426134301	v	0	2
20210426134303	v	1	2
20210426134306	w	0	2
20210426134308	w	1	2
20210426134311	x	0	2
20210426134313	x	1	2
20210426134316	a	0	2
20210426134318	a	1	2
20210426134321	b	0	2
20210426134323	b	1	2
20210426134326	c	0	2
20210426134328	c	1	2
20210426134332	d	0	2
20210426134334	d	1	2
20210426134337	e	0	2
20210426134339	e	1	2
20210426134342	f	0	2
20210426134344	f	1	2
20210426134347	g	0	2
20210426134349	g	1	2
20210426134352	h	0	2
20210426134354	h	1	2
20210426134357	i	0	2
20210426134359	i	1	2
20210426134402	j	0	2
20210426134404	j	1	2
20210426134407	k	0	2
20210426134409	k	1	2
20210426134412	l	0	2
20210426134414	l	1	2
20210426134417	m	0	2
20210426134419	m	1	2
20210426134423	n	0	2
20210426134425	n	1	2
20210426134428	o	0	2
20210426134430	o	1	2
20210426134433	p	0	2
20210426134435	p	1	2
20210426134438	q	0	2
20210426134440	q	1	2
20210426134443	r	0	2
20210426134445	r	1	2
20210426134448	s	0	2
20210426134450	s	1	2
20210426134453	t	0	2
20210426134455	t	1	2
20210426134458	u	0	2
20210426134500	u	1	2
20210426134503	v	0	2
20210426134506	v	1	2
20210426134509	w	0	2
20210426134511	w	1	2
20210426134514	x	0	2
20210426134516	x	1	2
20210426134519	a	0	2
20210426134521	a	1	2
20210426134524	b	0	2
20210426134526	b	1	2
20210426134529	c	0	2
20210426134531	c	1	2
20210426134534	d	0	2
20210426134536	d	1	2
20210426134539	e	0	2
20210426134541	e	1	2
20210426134544	f	0	2
20210426134546	f	1	2
20210426134550	g	0	2
20210426134552	g	1	2
20210426134555	h	0	2
20210426134557	h	1	2
20210426134600	i	0	2
20210426134602	i	1	2
20210426134605	j	0	2
20210426134607	j	1	2
20210426134610	k	0	2
20210426134612	k	1	2
20210426134615	l	0	2
20210426134617	l	1	2
20210426134620	m	0	2
20210426134622	m	1	2
20210426134625	n	0	2
20210426134627	n	1	2
20210426134630	o	0	2
20210426134632	o	1	2
20210426134636	p	0	2
20210426134638	p	1	2
20210426134641	q	0	2
20210426134643	q	1	2
20210426134646	r	0	2
20210426134648	r	1	2
20210426134651	s	0	2
20210426134653	s	1	2
20210426134656	t	0	2
20210426134658	t	1	2
20210426134701	u	0	2
20210426134703	u	1	2
20210426134706	v	0	2
20210426134708	v	1	2
20210426134711	w	0	2
20210426134713	w	1	2
20210426134717	x	0	2
20210426134719	x	1	2
20210426134722	a	0	2
20210426134724	a	1	2
20210426134727	b	0	2
20210426134729	b	1	2
20210426134732	c	0	2
20210426134734	c	1	2
20210426134737	d	0	2
20210426134739	d	1	2
20210426134742	e	0	2
20210426134744	e	1	2
20210426134747	f	0	2
20210426134749	f	1	2
20210426134752	g	0	2
20210426134754	g	1	2
20210426134757	h	0	2
20210426134800	h	1	2
20210426134803	i	0	2
20210426134805	i	1	2
20210426134808	j	0	2
20210426134810	j	1	2
20210426134813	k	0	2
20210426134815	k	1	2
20210426134818	l	0	2
20210426134820	l	1	2
20210426134823	m	0	2
20210426134825	m	1	2
20210426134828	n	0	2
20210426134830	n	1	2
20210426134834	o	0	2
20210426134836	o	1	2
20210426134839	p	0	2
20210426134841	p	1	2
20210426134844	q	0	2
20210426134846	q	1	2
20210426134849	r	0	2
20210426134851	r	1	2
20210426134854	s	0	2
20210426134856	s	1	2
20210426134859	t	0	2
20210426134901	t	1	2
20210426134904	u	0	2
20210426134906	u	1	2
20210426134909	v	0	2
20210426134912	v	1	2
20210426134915	w	0	2
20210426134917	w	1	2
20210426134920	x	0	2
20210426134922	x	1	2
20210426134925	a	0	2
20210426134927	a	1	2
20210426134930	b	0	2
20210426134932	b	1	2
20210426134935	c	0	2
20210426134937	c	1	2
20210426134940	d	0	2
20210426134942	d	1	2
20210426134946	e	0	2
20210426134948	e	1	2
20210426134951	f	0	2
20210426134953	f	1	2
20210426134956	g	0	2
20210426134958	g	1	2
20210426135001	h	0	2
20210426135003	h	1	2
20210426135006	i	0	2
20210426135008	i	1	2
20210426135011	j	0	2
20210426135013	j	1	2
20210426135016	k	0	2
20210426135018	k	1	2
20210426135021	l	0	2
20210426135023	l	1	2
20210426135027	m	0	2
20210426135029	m	1	2
20210426135032	n	0	2
20210426135034	n	1	2
20210426135037	o	0	2
20210426135039	o	1	2
20210426135042	p	0	2
20210426135044	p	1	2
20210426135047	q	0	2
20210426135049	q	1	2
20210426135052	r	0	2
20210426135055	r	1	2
20210426135058	s	0	2
20210426135100	s	1	2
20210426135103	t	0	2
20210426135105	t	1	2
20210426135108	u	0	2
20210426135110	u	1	2
20210426135113	v	0	2
20210426135115	v	1	2
20210426135118	w	0	2
20210426135120	w	1	2
20210426135124	x	0	2
20210426135126	x	1	2
20210426135129	a	0	2
20210426135131	a	1	2
20210426135134	b	0	2
20210426135136	b	1	2
20210426135139	c	0	2
20210426135141	c	1	2
20210426135144	d	0	2
20210426135146	d	1	2
20210426135149	e	0	2
20210426135151	e	1	2
20210426135155	f	0	2
20210426135157	f	1	2
20210426135200	g	0	2
20210426135202	g	1	2
20210426135205	h	0	2
20210426135207	h	1	2
20210426135210	i	0	2
20210426135212	i	1	2
20210426135215	j	0	2
20210426135217	j	1	2
20210426135220	k	0	2
20210426135222	k	1	2
20210426135225	l	0	2
20210426135227	l	1	2
20210426135230	m	0	2
20210426135232	m	1	2
20210426135236	n	0	2
20210426135238	n	1	2
20210426135241	o	0	2
20210426135243	o	1	2
20210426135246	p	0	2
20210426135248	p	1	2
20210426135251	q	0	2
20210426135253	q	1	2
20210426135256	r	0	2
20210426135258	r	1	2
20210426135301	s	0	2
20210426135303	s	1	2
20210426135306	t	0	2
20210426135309	t	1	2
20210426135312	u	0	2
20210426135314	u	1	2
20210426135317	v	0	2
20210426135319	v	1	2
20210426135322	w	0	2
20210426135324	w	1	2
20210426135327	x	0	2
20210426135329	x	1	2
20210426135332	a	0	2
20210426135334	a	1	2
20210426135337	b	0	2
20210426135339	b	1	2
20210426135342	c	0	2
20210426135344	c	1	2
20210426135347	d	0	2
20210426135349	d	1	2
20210426135352	e	0	2
20210426135354	e	1	2
20210426135357	f	0	2
20210426135359	f	1	2
20210426135403	g	0	2
20210426135405	g	1	2
20210426135408	h	0	2
20210426135410	h	1	2
20210426135413	i	0	2
20210426135415	i	1	2
20210426135418	j	0	2
20210426135420	j	1	2
20210426135423	k	0	2
20210426135425	k	1	2
20210426135428	l	0	2
20210426135430	l	1	2
20210426135433	m	0	2
20210426135435	m	1	2
20210426135438	n	0	2
20210426135440	n	1	2
20210426135443	o	0	2
20210426135445	o	1	2
20210426135449	p	0	2
20210426135451	p	1	2
20210426135454	q	0	2
20210426135456	q	1	2
20210426135459	r	0	2
20210426135501	r	1	2
20210426135504	s	0	2
20210426135506	s	1	2
20210426135509	t	0	2
20210426135511	t	1	2
20210426135514	u	0	2
20210426135516	u	1	2
20210426135519	v	0	2
20210426135521	v	1	2
20210426135524	w	0	2
20210426135526	w	1	2
20210426135529	x	0	2
20210426135531	x	1	2
20210426135535	a	0	2
20210426135537	a	1	2
20210426135540	b	0	2
20210426135542	b	1	2
20210426135545	c	0	2
20210426135547	c	1	2
20210426135550	d	0	2
20210426135552	d	1	2
20210426135555	e	0	2
20210426135557	e	1	2
20210426135600	f	0	2
20210426135602	f	1	2
20210426135605	g	0	2
20210426135607	g	1	2
20210426135611	h	0	2
20210426135613	h	1	2
20210426135616	i	0	2
20210426135618	i	1	2
20210426135621	j	0	2
20210426135623	j	1	2
20210426135626	k	0	2
20210426135628	k	1	2
20210426135631	l	0	2
20210426135633	l	1	2
20210426135636	m	0	2
20210426135638	m	1	2
20210426135641	n	0	2
20210426135643	n	1	2
20210426135646	o	0	2
20210426135649	o	1	2
20210426135652	p	0	2
20210426135654	p	1	2
20210426135657	q	0	2
20210426135659	q	1	2
20210426135702	r	0	2
20210426135704	r	1	2
20210426135707	s	0	2
20210426135709	s	1	2
20210426135712	t	0	2
20210426135714	t	1	2
20210426135717	u	0	2
20210426135719	u	1	2
20210426135722	v	0	2
20210426135724	v	1	2
20210426135728	w	0	2
20210426135730	w	1	2
20210426135733	x	0	2
20210426135735	x	1	2
20210426135738	a	0	2
20210426135740	a	1	2
20210426135743	b	0	2
20210426135745	b	1	2
20210426135748	c	0	2
20210426135750	c	1	2
20210426135753	d	0	2
20210426135755	d	1	2
20210426135758	e	0	2
20210426135800	e	1	2
20210426135803	f	0	2
20210426135806	f	1	2
20210426135809	g	0	2
20210426135811	g	1	2
20210426135814	h	0	2
20210426135816	h	1	2
20210426135819	i	0	2
20210426135821	i	1	2
20210426135824	j	0	2
20210426135826	j	1	2
20210426135829	k	0	2
20210426135831	k	1	2
20210426135834	l	0	2
20210426135837	l	1	2
20210426135840	m	0	2
20210426135842	m	1	2
20210426135845	n	0	2
20210426135847	n	1	2
20210426135850	o	0	2
20210426135852	o	1	2
20210426135855	p	0	2
20210426135857	p	1	2
20210426135900	q	0	2
20210426135902	q	1	2
20210426135905	r	0	2
20210426135907	r	1	2
20210426135911	s	0	2
20210426135913	s	1	2
20210426135916	t	0	2
20210426135918	t	1	2
20210426135921	u	0	2
20210426135923	u	1	2
20210426135926	v	0	2
20210426135928	v	1	2
20210426135931	w	0	2
20210426135933	w	1	2
20210426135936	x	0	2
20210426135938	x	1	2
20210426135941	a	0	2
20210426135943	a	1	2
20210426135946	b	0	2
20210426135949	b	1	2
20210426135952	c	0	2
20210426135954	c	1	2
20210426135957	d	0	2
20210426135959	d	1	2
20210426140002	e	0	2
20210426140004	e	1	2
20210426140007	f	0	2
20210426140009	f	1	2
20210426140012	g	0	2
20210426140014	g	1	2
20210426140017	h	0	2
20210426140019	h	1	2
20210426140023	i	0	2
20210426140025	i	1	2
20210426140028	j	0	2
20210426140030	j	1	2
20210426140033	k	0	2
20210426140035	k	1	2
20210426140038	l	0	2
20210426140040	l	1	2
20210426140043	m	0	2
20210426140045	m	1	2
20210426140048	n	0	2
20210426140050	n	1	2
20210426140053	o	0	2
20210426140056	o	1	2
20210426140059	p	0	2
20210426140101	p	1	2
20210426140104	q	0	2
20210426140106	q	1	2
20210426140109	r	0	2
20210426140111	r	1	2
20210426140114	s	0	2
20210426140116	s	1	2
20210426140119	t	0	2
20210426140121	t	1	2
20210426140124	u	0	2
20210426140126	u	1	2
20210426140129	v	0	2
20210426140131	v	1	2
20210426140135	w	0	2
20210426140137	w	1	2
20210426140140	x	0	2
20210426140142	x	1	2
20210426140145	a	0	2
20210426140147	a	1	2
20210426140150	b	0	2
20210426140152	b	1	2
20210426140155	c	0	2
20210426140157	c	1	2
20210426140200	d	0	2
20210426140202	d	1	2
20210426140206	e	0	2
20210426140208	e	1	2
20210426140211	f	0	2
20210426140213	f	1	2
20210426140216	g	0	2
20210426140218	g	1	2
20210426140221	h	0	2
20210426140223	h	1	2
20210426140226	i	0	2
20210426140228	i	1	2
20210426140231	j	0	2
20210426140233	j	1	2
20210426140236	k	0	2
20210426140238	k	1	2
20210426140242	l	0	2
20210426140244	l	1	2
20210426140247	m	0	2
20210426140249	m	1	2
20210426140252	n	0	2
20210426140254	n	1	2
20210426140257	o	0	2
20210426140259	o	1	2
20210426140302	p	0	2
20210426140304	p	1	2
20210426140307	q	0	2
20210426140309	q	1	2
20210426140312	r	0	2
20210426140315	r	1	2
20210426140318	s	0	2
20210426140320	s	1	2
20210426140323	t	0	2
20210426140325	t	1	2
20210426140328	u	0	2
20210426140330	u	1	2
20210426140333	v	0	2
20210426140335	v	1	2
20210426140338	w	0	2
20210426140340	w	1	2
20210426140343	x	0	2
20210426140345	x	1	2
20210426140348	a	0	2
20210426140350	a	1	2
20210426140353	b	0	2
20210426140355	b	1	2
20210426140358	c	0	2
20210426140400	c	1	2
20210426140403	d	0	2
20210426140405	d	1	2
20210426140408	e	0	2
20210426140411	e	1	2
20210426140414	f	0	2
20210426140416	f	1	2
20210426140419	g	0	2
20210426140421	g	1	2
20210426140424	h	0	2
20210426140426	h	1	2
20210426140429	i	0	2
20210426140431	i	1	2
20210426140434	j	0	2
20210426140436	j	1	2
20210426140439	k	0	2
20210426140442	k	1	2
20210426140445	l	0	2
20210426140447	l	1	2
20210426140450	m	0	2
20210426145534	a	0	2
20210426145546	b	0	1
20210426145549	k	0	1
20210426145549	l	0	1
20210426145551	m	0	1
20210426145552	v	0	1
20210426145559	w	0	1
20210426145601	x	0	1
20210426145610	a	0	0
20210426145613	a	1	2
20210426145616	b	0	2
20210426145618	b	1	2
20210426145621	c	0	2
20210426145623	c	1	2
20210426145626	d	0	2
20210426145628	d	1	2
20210426145631	e	0	2
20210426145633	e	1	2
20210426145637	f	0	2
20210426145639	f	1	2
20210426145642	g	0	2
20210426145644	g	1	2
20210426145647	h	0	2
20210426145649	h	1	2
20210426145652	i	0	2
20210426145654	i	1	2
20210426145657	j	0	2
20210426145659	j	1	2
20210426145702	k	0	2
20210426145704	k	1	2
20210426145707	l	0	2
20210426145709	l	1	2
20210426145713	m	0	2
20210426145715	m	1	2
20210426145718	n	0	2
20210426145720	n	1	2
20210426145723	o	0	2
20210426145725	o	1	2
20210426145728	p	0	2
20210426145730	p	1	2
20210426145733	q	0	2
20210426145735	q	1	2
20210426145738	v	0	2
20210426145740	v	1	2
20210426145743	a	0	2
20210426145745	a	1	2
20210426145749	b	0	2
20210426145751	b	1	2
20210426145754	c	0	2
20210426145756	c	1	2
20210426145759	d	0	2
20210426145801	d	1	2
20210426145804	e	0	2
20210426145806	e	1	2
20210426145809	f	0	2
20210426145811	f	1	2
20210426145814	g	0	2
20210426145816	g	1	2
20210426145820	h	0	2
20210426145822	h	1	2
20210426145825	i	0	2
20210426145827	i	1	2
20210426145830	j	0	2
20210426145832	j	1	2
20210426145835	k	0	2
20210426145837	k	1	2
20210426145840	l	0	2
20210426145842	l	1	2
20210426145845	m	0	2
20210426145847	m	1	2
20210426145850	n	0	2
20210426145852	n	1	2
20210426145855	o	0	2
20210426145858	o	1	2
20210426145901	p	0	2
20210426145903	p	1	2
20210426145906	q	0	2
20210426145908	q	1	2
20210426145911	a	0	2
20210426145913	a	1	2
20210426145916	b	0	2
20210426145918	b	1	2
20210426145921	c	0	2
20210426145923	c	1	2
20210426145926	d	0	2
20210426145928	d	1	2
20210426145931	e	0	2
20210426145934	e	1	2
20210426145937	f	0	2
20210426145939	f	1	2
20210426145942	g	0	2
20210426145944	g	1	2
20210426145947	h	0	2
20210426145949	h	1	2
20210426145952	i	0	2
20210426145954	i	1	2
20210426145957	j	0	2
20210426145959	j	1	2
20210426150002	k	0	2
20210426150004	k	1	2
20210426150007	l	0	2
20210426150010	l	1	2
20210426150013	m	0	2
20210426150015	m	1	2
20210426150018	n	0	2
20210426150020	n	1	2
20210426150023	o	0	2
20210426150025	o	1	2
20210426150028	p	0	2
20210426150030	p	1	2
20210426150033	q	0	2
20210426150035	q	1	2
20210426150038	a	0	2
20210426150040	a	1	2
20210426150043	b	0	2
20210426150046	b	1	2
20210426150049	c	0	2
20210426150051	c	1	2
20210426150054	d	0	2
20210426150056	d	1	2
20210426150059	e	0	2
20210426150101	e	1	2
20210426150104	f	0	2
20210426150106	f	1	2
20210426150109	g	0	2
20210426150111	g	1	2
20210426150114	h	0	2
20210426150116	h	1	2
20210426150119	i	0	2
20210426150121	i	1	2
20210426150125	j	0	2
20210426150127	j	1	2
20210426150130	k	0	2
20210426150132	k	1	2
20210426150135	l	0	2
20210426150137	l	1	2
20210426150140	m	0	2
20210426150142	m	1	2
20210426150145	n	0	2
20210426150147	n	1	2
20210426150150	o	0	2
20210426150152	o	1	2
20210426150155	p	0	2
20210426150157	p	1	2
20210426150200	q	0	2
20210426150203	q	1	2
20210426150206	a	0	2
20210426150208	a	1	2
20210426150211	b	0	2
20210426150213	b	1	2
20210426150216	c	0	2
20210426150218	c	1	2
20210426150221	d	0	2
20210426150223	d	1	2
20210426150226	e	0	2
20210426150228	e	1	2
20210426150231	f	0	2
20210426150233	f	1	2
20210426150236	g	0	2
20210426150238	g	1	2
20210426150242	h	0	2
20210426150244	h	1	2
20210426150247	i	0	2
20210426150249	i	1	2
20210426150252	j	0	2
20210426150254	j	1	2
20210426150257	k	0	2
20210426150259	k	1	2
20210426150302	l	0	2
20210426150304	l	1	2
20210426150307	m	0	2
20210426150309	m	1	2
20210426150312	n	0	2
20210426150314	n	1	2
20210426150317	o	0	2
20210426150320	o	1	2
20210426150323	p	0	2
20210426150325	p	1	2
20210426150328	q	0	2
20210426150330	q	1	2
20210426150333	a	0	2
20210426150335	a	1	2
20210426150338	b	0	2
20210426150340	b	1	2
20210426150343	c	0	2
20210426150345	c	1	2
20210426150348	d	0	2
20210426150350	d	1	2
20210426150353	e	0	2
20210426150355	e	1	2
20210426150358	f	0	2
20210426150400	f	1	2
20210426150403	g	0	2
20210426150405	g	1	2
20210426150408	h	0	2
20210426150410	h	1	2
20210426150413	i	0	2
20210426150415	i	1	2
20210426150419	j	0	2
20210426150421	j	1	2
20210426150424	k	0	2
20210426150426	k	1	2
20210426150429	l	0	2
20210426150431	l	1	2
20210426150434	m	0	2
20210426150436	m	1	2
20210426150439	n	0	2
20210426150441	n	1	2
20210426150444	o	0	2
20210426150446	o	1	2
20210426150449	p	0	2
20210426150451	p	1	2
20210426150454	q	0	2
20210426150457	q	1	2
20210426150500	a	0	2
20210426150502	a	1	2
20210426150505	b	0	2
20210426150507	b	1	2
20210426150510	c	0	2
20210426150512	c	1	2
20210426150515	d	0	2
20210426150517	d	1	2
20210426150520	e	0	2
20210426150522	e	1	2
20210426150525	f	0	2
20210426150527	f	1	2
20210426150530	g	0	2
20210426150532	g	1	2
20210426150535	h	0	2
20210426150537	h	1	2
20210426150540	i	0	2
20210426150542	i	1	2
20210426150545	j	0	2
20210426150547	j	1	2
20210426150550	k	0	2
20210426150553	k	1	2
20210426150556	l	0	2
20210426150558	l	1	2
20210426150601	m	0	2
20210426150603	m	1	2
20210426150606	n	0	2
20210426150608	n	1	2
20210426150611	o	0	2
20210426150613	o	1	2
20210426150616	p	0	2
20210426150618	p	1	2
20210426150621	q	0	2
20210426150623	q	1	2
20210426150626	a	0	2
20210426150629	a	1	2
20210426150632	b	0	2
20210426150634	b	1	2
20210426150637	c	0	2
20210426150639	c	1	2
20210426150642	d	0	2
20210426150644	d	1	2
20210426150647	e	0	2
20210426150649	e	1	2
20210426150652	f	0	2
20210426150654	f	1	2
20210426150657	g	0	2
20210426150659	g	1	2
20210426150702	h	0	2
20210426150704	h	1	2
20210426150707	i	0	2
20210426150710	i	1	2
20210426150713	j	0	2
20210426150715	j	1	2
20210426150718	k	0	2
20210426150720	k	1	2
20210426150723	l	0	2
20210426150725	l	1	2
20210426150728	m	0	2
20210426150730	m	1	2
20210426150733	n	0	2
20210426150735	n	1	2
20210426150738	o	0	2
20210426150740	o	1	2
20210426150743	p	0	2
20210426150745	p	1	2
20210426150748	q	0	2
20210426150751	q	1	2
20210426150754	a	0	2
20210426150756	a	1	2
20210426150759	b	0	2
20210426150801	b	1	2
20210426150804	c	0	2
20210426150806	c	1	2
20210426150809	d	0	2
20210426150811	d	1	2
20210426150814	e	0	2
20210426150816	e	1	2
20210426150819	f	0	2
20210426150821	f	1	2
20210426150824	g	0	2
20210426150827	g	1	2
20210426150830	h	0	2
20210426150832	h	1	2
20210426150835	i	0	2
20210426150837	i	1	2
20210426150840	j	0	2
20210426150842	j	1	2
20210426150845	k	0	2
20210426150847	k	1	2
20210426150850	l	0	2
20210426150852	l	1	2
20210426150855	m	0	2
20210426150857	m	1	2
20210426150900	n	0	2
20210426150902	n	1	2
20210426150905	o	0	2
20210426150908	o	1	2
20210426150911	p	0	2
20210426150913	p	1	2
20210426150916	q	0	2
20210426150918	q	1	2
20210426150921	a	0	2
20210426150923	a	1	2
20210426150926	b	0	2
20210426150928	b	1	2
20210426150931	c	0	2
20210426150933	c	1	2
20210426150937	d	0	2
20210426150939	d	1	2
20210426150942	e	0	2
20210426150944	e	1	2
20210426150947	f	0	2
20210426150949	f	1	2
20210426150952	g	0	2
20210426150954	g	1	2
20210426150957	h	0	2
20210426150959	h	1	2
20210426151002	i	0	2
20210426151004	i	1	2
20210426151008	j	0	2
20210426151010	j	1	2
20210426151013	k	0	2
20210426151015	k	1	2
20210426151018	l	0	2
20210426151020	l	1	2
20210426151023	m	0	2
20210426151025	m	1	2
20210426151028	n	0	2
20210426151030	n	1	2
20210426151033	o	0	2
20210426151035	o	1	2
20210426151038	p	0	2
20210426151040	p	1	2
20210426151043	q	0	2
20210426151045	q	1	2
20210426151049	a	0	2
20210426151051	a	1	2
20210426151054	b	0	2
20210426151056	b	1	2
20210426151059	c	0	2
20210426151101	c	1	2
20210426151104	d	0	2
20210426151106	d	1	2
20210426151109	e	0	2
20210426151111	e	1	2
20210426151114	f	0	2
20210426151116	f	1	2
20210426151119	g	0	2
20210426151121	g	1	2
20210426151124	h	0	2
20210426151127	h	1	2
20210426151130	i	0	2
20210426151132	i	1	2
20210426151135	j	0	2
20210426151137	j	1	2
20210426151140	k	0	2
20210426151142	k	1	2
20210426151145	l	0	2
20210426151147	l	1	2
20210426151150	m	0	2
20210426151152	m	1	2
20210426151155	n	0	2
20210426151157	n	1	2
20210426151201	o	0	2
20210426151203	o	1	2
20210426151206	p	0	2
20210426151208	p	1	2
20210426151211	q	0	2
20210426151213	q	1	2
20210426151216	a	0	2
20210426151218	a	1	2
20210426151221	b	0	2
20210426151223	b	1	2
20210426151226	c	0	2
20210426151228	c	1	2
20210426151231	d	0	2
20210426151233	d	1	2
20210426151236	e	0	2
20210426151238	e	1	2
20210426151242	f	0	2
20210426151244	f	1	2
20210426151247	g	0	2
20210426151249	g	1	2
20210426151252	h	0	2
20210426151254	h	1	2
20210426151257	i	0	2
20210426151259	i	1	2
20210426151302	j	0	2
20210426151304	j	1	2
20210426151307	k	0	2
20210426151309	k	1	2
20210426151312	l	0	2
20210426151314	l	1	2
20210426151318	m	0	2
20210426151320	m	1	2
20210426151323	n	0	2
20210426151325	n	1	2
20210426151328	o	0	2
20210426151330	o	1	2
20210426151333	p	0	2
20210426151335	p	1	2
20210426151338	q	0	2
20210426151340	q	1	2
20210426151343	a	0	2
20210426151345	a	1	2
20210426151348	b	0	2
20210426151350	b	1	2
20210426151353	c	0	2
20210426151355	c	1	2
20210426151358	d	0	2
20210426151400	d	1	2
20210426151403	e	0	2
20210426151405	e	1	2
20210426151408	f	0	2
20210426151410	f	1	2
20210426151413	g	0	2
20210426151415	g	1	2
20210426151419	h	0	2
20210426151421	h	1	2
20210426151424	i	0	2
20210426151426	i	1	2
20210426151429	j	0	2
20210426151431	j	1	2
20210426151434	k	0	2
20210426151436	k	1	2
20210426151439	l	0	2
20210426151441	l	1	2
20210426151444	m	0	2
20210426151446	m	1	2
20210426151449	n	0	2
20210426151451	n	1	2
20210426151454	o	0	2
20210426151457	o	1	2
20210426151500	p	0	2
20210426151502	p	1	2
20210426151505	q	0	2
20210426151507	q	1	2
20210426151510	a	0	2
20210426151512	a	1	2
20210426151515	b	0	2
20210426151517	b	1	2
20210426151520	c	0	2
20210426151522	c	1	2
20210426151525	d	0	2
20210426151527	d	1	2
20210426151530	e	0	2
20210426151532	e	1	2
20210426151536	f	0	2
20210426151538	f	1	2
20210426151541	g	0	2
20210426151543	g	1	2
20210426151546	h	0	2
20210426151548	h	1	2
20210426151551	i	0	2
20210426151553	i	1	2
20210426151556	j	0	2
20210426151558	j	1	2
20210426151601	k	0	2
20210426151603	k	1	2
20210426151606	l	0	2
20210426151609	l	1	2
20210426151612	m	0	2
20210426151614	m	1	2
20210426151617	n	0	2
20210426151619	n	1	2
20210426151622	o	0	2
20210426151624	o	1	2
20210426151627	p	0	2
20210426151629	p	1	2
20210426151632	q	0	2
20210426151634	q	1	2
20210426151637	a	0	2
20210426151639	a	1	2
20210426151642	b	0	2
20210426151645	b	1	2
20210426151648	c	0	2
20210426151650	c	1	2
20210426151653	d	0	2
20210426151655	d	1	2
20210426151658	e	0	2
20210426151700	e	1	2
20210426151703	f	0	2
20210426151705	f	1	2
20210426151708	g	0	2
20210426151710	g	1	2
20210426151713	h	0	2
20210426151715	h	1	2
20210426151718	i	0	2
20210426151721	i	1	2
20210426151724	j	0	2
20210426151726	j	1	2
20210426151729	k	0	2
20210426151731	k	1	2
20210426151734	l	0	2
20210426151736	l	1	2
20210426151739	m	0	2
20210426151741	m	1	2
20210426151744	n	0	2
20210426151746	n	1	2
20210426151749	o	0	2
20210426151751	o	1	2
20210426151754	p	0	2
20210426151757	p	1	2
20210426151800	q	0	2
20210426151802	q	1	2
20210426151805	a	0	2
20210426151807	a	1	2
20210426151810	b	0	2
20210426151812	b	1	2
20210426151815	c	0	2
20210426151817	c	1	2
20210426151820	d	0	2
20210426151822	d	1	2
20210426151825	e	0	2
20210426151827	e	1	2
20210426151830	f	0	2
20210426151832	f	1	2
20210426151835	g	0	2
20210426151837	g	1	2
20210426151840	h	0	2
20210426151842	h	1	2
20210426151845	i	0	2
20210426151848	i	1	2
20210426151851	j	0	2
20210426151853	j	1	2
20210426151856	k	0	2
20210426151858	k	1	2
20210426151901	l	0	2
20210426151903	l	1	2
20210426151906	m	0	2
20210426151908	m	1	2
20210426151911	n	0	2
20210426151913	n	1	2
20210426151916	o	0	2
20210426151918	o	1	2
20210426151921	p	0	2
20210426151923	p	1	2
20210426151926	q	0	2
20210426151928	q	1	2
20210426151931	a	0	2
20210426151933	a	1	2
20210426151937	b	0	2
20210426151939	b	1	2
20210426151942	c	0	2
20210426151944	c	1	2
20210426151947	d	0	2
20210426151949	d	1	2
20210426151952	e	0	2
20210426151954	e	1	2
20210426151957	f	0	2
20210426151959	f	1	2
20210426152002	g	0	2
20210426152004	g	1	2
20210426152007	h	0	2
20210426152009	h	1	2
20210426152012	i	0	2
20210426152014	i	1	2
20210426152017	j	0	2
20210426152019	j	1	2
20210426152023	k	0	2
20210426152025	k	1	2
20210426152028	l	0	2
20210426152030	l	1	2
20210426152033	m	0	2
20210426152035	m	1	2
20210426152038	n	0	2
20210426152040	n	1	2
20210426152043	o	0	2
20210426152045	o	1	2
20210426152048	p	0	2
20210426152050	p	1	2
20210426152053	q	0	2
20210426152055	q	1	2
20210426152058	a	0	2
20210426152101	a	1	2
20210426152104	b	0	2
20210426152106	b	1	2
20210426152109	c	0	2
20210426152111	c	1	2
20210426152114	d	0	2
20210426152116	d	1	2
20210426152119	e	0	2
20210426152121	e	1	2
20210426152124	f	0	2
20210426152126	f	1	2
20210426152129	g	0	2
20210426152131	g	1	2
20210426152134	h	0	2
20210426152136	h	1	2
20210426152139	i	0	2
20210426152141	i	1	2
20210426152144	j	0	2
20210426152147	j	1	2
20210426152150	k	0	2
20210426152152	k	1	2
20210426152155	l	0	2
20210426152157	l	1	2
20210426152200	m	0	2
20210426152202	m	1	2
20210426152205	n	0	2
20210426152207	n	1	2
20210426152210	o	0	2
20210426152213	o	1	2
20210426152216	p	0	2
20210426152218	p	1	2
20210426152221	q	0	2
20210426152223	q	1	2
20210426152226	a	0	2
20210426152228	a	1	2
20210426152231	b	0	2
20210426152233	b	1	2
20210426152236	c	0	2
20210426152238	c	1	2
20210426152241	d	0	2
20210426152243	d	1	2
20210426152246	e	0	2
20210426152248	e	1	2
20210426152252	f	0	2
20210426152254	f	1	2
20210426152257	g	0	2
20210426152259	g	1	2
20210426152302	h	0	2
20210426152304	h	1	2
20210426152307	i	0	2
20210426152309	i	1	2
20210426152312	j	0	2
20210426152314	j	1	2
20210426152317	k	0	2
20210426152319	k	1	2
20210426152322	l	0	2
20210426152324	l	1	2
20210426152327	m	0	2
20210426152329	m	1	2
20210426152332	n	0	2
20210426152334	n	1	2
20210426152338	o	0	2
20210426152340	o	1	2
20210426152343	p	0	2
20210426152345	p	1	2
20210426152348	q	0	2
20210426152350	q	1	2
20210426152353	a	0	2
20210426152355	a	1	2
20210426152358	b	0	2
20210426152400	b	1	2
20210426152403	c	0	2
20210426152405	c	1	2
20210426152408	d	0	2
20210426152410	d	1	2
20210426152413	e	0	2
20210426152415	e	1	2
20210426152418	f	0	2
20210426152420	f	1	2
20210426152423	g	0	2
20210426152425	g	1	2
20210426152428	h	0	2
20210426152431	h	1	2
20210426152434	i	0	2
20210426152436	i	1	2
20210426152439	j	0	2
20210426152441	j	1	2
20210426152444	k	0	2
20210426152446	k	1	2
20210426152449	l	0	2
20210426152451	l	1	2
20210426152454	m	0	2
20210426152456	m	1	2
20210426152459	n	0	2
20210426152501	n	1	2
20210426152504	o	0	2
20210426152506	o	1	2
20210426152509	p	0	2
20210426152511	p	1	2
20210426152515	q	0	2
20210426152517	q	1	2
20210426152520	a	0	2
20210426152522	a	1	2
20210426152525	b	0	2
20210426152527	b	1	2
20210426152530	c	0	2
20210426152532	c	1	2
20210426152535	d	0	2
20210426152537	d	1	2
20210426152540	e	0	2
20210426152542	e	1	2
20210426152545	f	0	2
20210426152547	f	1	2
20210426152550	g	0	2
20210426152552	g	1	2
20210426171810	a	0	0
20210426171813	a	1	2
20210426171816	b	0	2
20210426171818	x	0	2
20210426171821	a	0	1
20210426171848	b	0	1
20210426171850	u	0	1
20210426171852	w	0	1
20210426171853	p	0	1
20210426171857	o	0	1
20210426171900	a	0	1
20210426171902	b	0	1
20210426171903	d	0	1
20210426171905	f	0	1
20210426171908	h	0	1
20210426171910	i	0	1
20210426171912	h	0	1
20210426171928	o	0	1
20210426171930	p	0	1
20210426171931	q	0	1
20210426171932	s	0	1
20210426171933	r	0	1
20210426171934	t	0	1
20210426171935	u	0	1
20210426171935	v	0	1
20210426171936	w	0	1
20210426172035	a	0	0
20210426172038	a	1	2
20210426172041	b	0	2
20210426172041	q	0	2
20210426172043	r	0	1
20210426172046	s	0	1
20210426172048	t	0	1
20210426172109	a	0	0
20210426172112	q	0	2
20210426172120	r	0	1
20210426172122	s	0	1
20210426172123	t	0	1
20210426172125	u	0	1
20210426172126	v	0	1
20210426172126	w	0	1
20210426172129	x	0	1
20210426172131	w	0	1
20210426172134	v	0	1
20210426172135	u	0	1
20210426172136	t	0	1
20210426172140	s	0	1
20210426172140	r	0	1
20210426172142	q	0	1
20210426172144	r	0	1
20210426172146	s	0	1
20210426172146	t	0	1
20210426172150	s	0	1
20210426172151	t	0	1
20210426172211	i	0	1
20210426172213	j	0	1
20210426172214	k	0	1
20210426172215	l	0	1
20210426172216	m	0	1
20210426172219	l	0	1
20210426172221	m	0	1
20210426172223	n	0	1
20210426172225	o	0	1
20210426172227	p	0	1
20210426172244	q	0	1
20210426172945	a	0	1
20210426172950	i	0	1
20210506115948	a	0	0
20210506120010	a	0	0
20210511163544	a	0	0
20210511163623	i	0	1
20210511163626	l	0	1
